IQ-TREE multicore version 2.2.6 COVID-edition for Mac OS X 64-bit built Dec  8 2023
Developed by Bui Quang Minh, James Barbetti, Nguyen Lam Tung,
Olga Chernomor, Heiko Schmidt, Dominik Schrempf, Michael Woodhams, Ly Trong Nhan.

Host:    BIO-M-LT-03039.local (SSE4.2, 8 GB RAM)
Command: iqtree2 -s results/subsampled_Dengue_2/subsampled_Dengue_2_cleaned.fasta -m HKY+F+I -pre results/subsampled_Dengue_2_ml_tree/subsampled_Dengue_2_cleaned -redo
Seed:    866096 (Using SPRNG - Scalable Parallel Random Number Generator)
Time:    Mon Jun  3 13:52:48 2024
Kernel:  SSE2 - 1 threads (8 CPU cores detected)

HINT: Use -nt option to specify number of threads because your CPU has 8 cores!
HINT: -nt AUTO will automatically determine the best number of threads to use.

Reading alignment file results/subsampled_Dengue_2/subsampled_Dengue_2_cleaned.fasta ... Fasta format detected
Reading fasta file: done in 0.0050571 secs using 84.61% CPU
Alignment most likely contains DNA/RNA sequences
Constructing alignment: done in 0.0024302 secs using 80.49% CPU
Alignment has 200 sequences with 1485 columns, 658 distinct patterns
441 parsimony-informative, 177 singleton sites, 867 constant sites
                                                                             Gap/Ambiguity  Composition  p-value
Analyzing sequences: done in 0.000159979 secs using 93.14% CPU
   1  PP269825.1|Viet_Nam|NA|NA|Dengue_2|2013-02-21|2013.1397260274                 11.45%    passed     86.60%
   2  PP269826.1|Viet_Nam|NA|NA|Dengue_2|2012-02-22|2012.14246575342                11.38%    passed     79.21%
   3  PP269829.1|Viet_Nam|NA|NA|Dengue_2|2013-05-09|2013.35068493151                 2.09%    passed     96.71%
   4  PP269828.1|Viet_Nam|NA|NA|Dengue_2|2013-07-31|2013.57808219178                14.07%    passed     99.85%
   5  PP269831.1|Viet_Nam|NA|NA|Dengue_2|2012-03-30|2012.24109589041                11.38%    passed     86.77%
   6  PP269837.1|Viet_Nam|NA|NA|Dengue_2|2015-10-09|2015.7698630137                 28.55%    passed     68.01%
   7  PP269851.1|Viet_Nam|NA|NA|Dengue_2|2013-03-28|2013.23561643836                 3.10%    passed     89.00%
   8  PP269855.1|Viet_Nam|NA|NA|Dengue_2|2014-10-29|2014.82465753425                16.16%    passed     68.15%
   9  PP269866.1|Viet_Nam|NA|NA|Dengue_2|2013-08-13|2013.61369863014                 0.07%    passed     87.55%
  10  PP269863.1|Viet_Nam|NA|NA|Dengue_2|2014-09-22|2014.72328767123                 2.09%    passed     88.16%
  11  PP269890.1|Viet_Nam|NA|NA|Dengue_2|2020-05-12|2020.35890410959                17.37%    passed     97.17%
  12  PP269916.1|Viet_Nam|NA|NA|Dengue_2|2022-08-12|2022.61095890411                 0.00%    passed     99.63%
  13  PP269912.1|Viet_Nam|NA|NA|Dengue_2|2023-02-02|2023.08767123288                 0.00%    passed     99.12%
  14  PP269903.1|Viet_Nam|NA|NA|Dengue_2|2022-06-21|2022.46849315068                 0.00%    passed     99.78%
  15  PP269921.1|Viet_Nam|NA|NA|Dengue_2|2022-10-10|2022.77260273973                 0.07%    passed     98.04%
  16  PP269920.1|Viet_Nam|NA|NA|Dengue_2|2023-02-06|2023.09863013699                 0.07%    passed     93.87%
  17  PP269925.1|Viet_Nam|NA|NA|Dengue_2|2016-10-25|2016.81369863014                 0.07%    passed     93.46%
  18  PP269926.1|Viet_Nam|NA|NA|Dengue_2|2016-12-09|2016.93698630137                 7.21%    passed     65.08%
  19  PP269927.1|Viet_Nam|NA|NA|Dengue_2|2016-12-22|2016.97260273973                17.10%    passed     96.81%
  20  PP269932.1|Viet_Nam|NA|NA|Dengue_2|2017-05-08|2017.34794520548                13.54%    passed     87.75%
  21  PP269930.1|Viet_Nam|NA|NA|Dengue_2|2017-04-12|2017.27671232877                 3.10%    passed     84.28%
  22  PP269929.1|Viet_Nam|NA|NA|Dengue_2|2017-01-04|2017.00821917808                12.79%    passed     77.55%
  23  PP269934.1|Viet_Nam|NA|NA|Dengue_2|2017-08-23|2017.64109589041                 2.36%    passed     96.02%
  24  PP396280.1|Cambodia|NA|NA|Dengue_2|2021-11-29|2021.9095890411                  0.00%    passed     99.61%
  25  PP422234.1|Philippines|NA|NA|Dengue_2|2000-07-15|2000.53424657534              0.00%    passed     97.84%
  26  PP087793.1|Taiwan|Kaohsiung|NA|Dengue_2|2023-07-15|2023.53424657534            0.00%    passed     97.92%
  27  OR389020.1|Cambodia|NA|NA|Dengue_2|2009-06-15|2009.45205479452                 0.00%    passed     96.69%
  28  OQ832572.1|Viet_Nam|NA|NA|Dengue_2|2019-10-15|2019.78630136986                 0.00%    passed     94.05%
  29  OQ832591.1|Viet_Nam|Hanoi|NA|Dengue_2|2020-09-15|2020.70410958904              0.00%    passed     87.44%
  30  OQ832625.1|Viet_Nam|Hanoi|NA|Dengue_2|2020-09-15|2020.70410958904              0.00%    passed     98.79%
  31  OQ832627.1|Viet_Nam|Hanoi|NA|Dengue_2|2020-09-15|2020.70410958904              0.00%    passed     90.39%
  32  OQ928149.1|China|Yunnan_Province|NA|Dengue_2|2019-09-15|2019.70410958904       0.00%    passed     99.35%
  33  OQ521638.1|Viet_Nam|NA|NA|Dengue_2|2022-05-15|2022.36712328767                 0.00%    passed     95.93%
  34  OQ521644.1|Viet_Nam|NA|NA|Dengue_2|2022-06-15|2022.45205479452                 0.00%    passed     95.93%
  35  OQ521643.1|Viet_Nam|NA|NA|Dengue_2|2022-06-15|2022.45205479452                 0.00%    passed     96.70%
  36  OQ426786.1|Viet_Nam|Nha_Trang|NA|Dengue_2|2019-01-29|2019.07671232877          0.00%    passed     92.87%
  37  OQ426871.1|Viet_Nam|Nha_Trang|NA|Dengue_2|2019-01-15|2019.03835616438          0.00%    passed     90.57%
  38  OQ426880.1|Viet_Nam|Nha_Trang|NA|Dengue_2|2019-01-22|2019.05753424658          0.00%    passed     90.57%
  39  OQ426891.1|Viet_Nam|Nha_Trang|NA|Dengue_2|2019-02-22|2019.14246575342          0.00%    passed     83.66%
  40  OQ426893.1|Viet_Nam|Nha_Trang|NA|Dengue_2|2019-02-28|2019.15890410959          0.00%    passed     87.39%
  41  OQ426917.1|Viet_Nam|Nha_Trang|NA|Dengue_2|2018-09-17|2018.7095890411           0.00%    passed     89.21%
  42  OQ426938.1|Viet_Nam|Nha_Trang|NA|Dengue_2|2018-10-26|2018.81643835616          0.00%    passed     90.34%
  43  OQ426940.1|Viet_Nam|Nha_Trang|NA|Dengue_2|2018-10-29|2018.82465753425          0.00%    passed     90.59%
  44  OQ426953.1|Viet_Nam|Nha_Trang|NA|Dengue_2|2018-11-19|2018.88219178082          0.00%    passed     90.57%
  45  OQ521626.1|Viet_Nam|NA|NA|Dengue_2|2022-04-15|2022.28493150685                 0.00%    passed     95.93%
  46  OQ521625.1|Viet_Nam|NA|NA|Dengue_2|2022-04-15|2022.28493150685                 0.00%    passed     95.93%
  47  OQ521632.1|Viet_Nam|NA|NA|Dengue_2|2022-04-15|2022.28493150685                 0.00%    passed     95.93%
  48  OP941683.1|Indonesia|Bengkulu|NA|Dengue_2|2021-06-07|2021.4301369863           1.82%    passed     90.50%
  49  OP909734.1|Singapore|NA|NA|Dengue_2|2020-01-15|2020.03835616438                0.00%    failed      0.00%
  50  OQ028211.1|Viet_Nam|NA|NA|Dengue_2|2020-11-09|2020.85479452055                 0.00%    passed     99.54%
  51  OQ028232.1|Viet_Nam|NA|NA|Dengue_2|2020-03-02|2020.16438356164                 0.00%    passed     96.36%
  52  OQ028225.1|Viet_Nam|NA|NA|Dengue_2|2020-09-23|2020.72602739726                 0.00%    passed     99.54%
  53  OP458515.1|Viet_Nam|NA|NA|Dengue_2|2021-02-22|2021.14246575342                 0.00%    passed     94.05%
  54  OP809583.1|India|NA|NA|Dengue_2|2019-06-15|2019.45205479452                    0.00%    passed     99.66%
  55  OP895919.1|Malaysia|NA|NA|Dengue_2|2018-11-15|2018.87123287671                 0.00%    passed     96.39%
  56  ON853797.1|Cambodia|NA|NA|Dengue_2|2018-07-13|2018.52876712329                 0.00%    passed     96.82%
  57  OP090395.1|Viet_Nam|NA|NA|Dengue_2|2021-03-05|2021.17260273973                 0.00%    passed     84.30%
  58  OP090396.1|Viet_Nam|NA|NA|Dengue_2|2022-04-01|2022.24657534247                 0.00%    passed     88.67%
  59  ON123651.1|India|NA|NA|Dengue_2|2020-06-15|2020.45205479452                    0.34%    passed     90.26%
  60  MZ636787.1|Thailand|Bangkok|NA|Dengue_2|2020-08-03|2020.58630136986            0.00%    passed     99.86%
  61  MZ636786.1|Thailand|Bangkok|NA|Dengue_2|2020-07-27|2020.56712328767            0.00%    passed     99.35%
  62  MW946316.1|Thailand|NA|NA|Dengue_2|2006-06-15|2006.45205479452                 0.00%    passed     96.22%
  63  MW946404.1|Thailand|NA|NA|Dengue_2|2006-06-15|2006.45205479452                 0.00%    passed     97.52%
  64  MW946428.1|Thailand|NA|NA|Dengue_2|2001-06-15|2001.45205479452                 0.00%    passed     99.97%
  65  MW648218.1|Indonesia|Malinau|NA|Dengue_2|2018-09-12|2018.69589041096           0.00%    passed     61.97%
  66  MW946589.1|Thailand|NA|NA|Dengue_2|2013-06-15|2013.45205479452                 0.00%    passed     87.63%
  67  MW720953.1|China|NA|NA|Dengue_2|2019-09-15|2019.70410958904                    0.00%    passed     99.31%
  68  MW510862.1|Singapore|NA|NA|Dengue_2|2012-06-15|2012.45205479452                0.00%    passed     95.65%
  69  MW512438.1|Singapore|NA|NA|Dengue_2|2015-06-15|2015.45205479452                0.00%    passed     97.06%
  70  MW510762.1|Singapore|NA|NA|Dengue_2|2011-06-15|2011.45205479452                0.00%    passed     98.04%
  71  MW018159.1|China|NA|NA|Dengue_2|2018-09-15|2018.70410958904                    0.00%    passed     99.73%
  72  MW332627.1|Myanmar|NA|NA|Dengue_2|2016-09-15|2016.70410958904                  0.00%    passed     90.18%
  73  MN955666.1|Thailand|NA|NA|Dengue_2|2018-11-15|2018.87123287671                 0.00%    passed     94.10%
  74  MN982893.1|Malaysia|NA|NA|Dengue_2|2017-02-15|2017.12328767123                 0.00%    passed     96.36%
  75  MN982892.1|Malaysia|NA|NA|Dengue_2|2016-10-15|2016.78630136986                 0.00%    passed     99.00%
  76  MT122193.1|Indonesia|Kupang|NA|Dengue_2|2017-09-15|2017.70410958904            0.00%    passed     96.58%
  77  MN448802.1|Thailand|NA|NA|Dengue_2|2011-09-05|2011.67671232877                 0.00%    passed     98.09%
  78  MN448811.1|Thailand|NA|NA|Dengue_2|2010-08-05|2010.59178082192                 0.00%    passed     98.09%
  79  MN448872.1|Thailand|NA|NA|Dengue_2|2010-08-16|2010.62191780822                 0.00%    passed     99.90%
  80  MN448881.1|Thailand|NA|NA|Dengue_2|2011-06-23|2011.47397260274                 0.00%    passed     99.91%
  81  MN448907.1|Thailand|NA|NA|Dengue_2|2009-11-03|2009.83835616438                 0.07%    passed     98.06%
  82  MN628234.1|Laos|NA|NA|Dengue_2|2012-06-15|2012.45205479452                     0.00%    passed     97.67%
  83  MN444610.1|Laos|Vientiane_Capital|NA|Dengue_2|2017-01-23|2017.0602739726       0.00%    passed     92.75%
  84  MN444621.1|Laos|Attapeu|NA|Dengue_2|2018-05-07|2018.34520547945                0.00%    passed     91.25%
  85  MN444607.1|Laos|Vientiane_Capital|NA|Dengue_2|2016-04-15|2016.28493150685      0.00%    passed     92.45%
  86  MN444605.1|Laos|Vientiane_Capital|NA|Dengue_2|2015-09-28|2015.7397260274       0.00%    passed     94.88%
  87  MN448743.1|Thailand|NA|NA|Dengue_2|2012-07-06|2012.5095890411                  0.00%    passed     98.08%
  88  MK858097.2|India|NA|NA|Dengue_2|2013-06-15|2013.45205479452                    0.00%    passed     90.80%
  89  MN018356.1|China|Guangdong_Province|NA|Dengue_2|2014-09-23|2014.72602739726    0.00%    passed     96.88%
  90  MH822946.2|India|NA|NA|Dengue_2|2012-10-19|2012.79726027397                    0.00%    passed     90.80%
  91  MH822951.2|India|NA|NA|Dengue_2|2013-09-04|2013.67397260274                    0.00%    passed     99.93%
  92  MH827543.1|China|NA|NA|Dengue_2|2017-06-15|2017.45205479452                    0.00%    passed     97.48%
  93  MH594909.1|India|NA|NA|Dengue_2|2009-06-15|2009.45205479452                    0.07%    passed     99.66%
  94  MH594911.1|India|NA|NA|Dengue_2|2010-06-15|2010.45205479452                    0.07%    passed     83.83%
  95  MH051829.1|Taiwan|NA|NA|Dengue_2|2015-06-15|2015.45205479452                   7.27%    passed     90.17%
  96  MH110607.1|China|Hangzhou|NA|Dengue_2|2017-09-15|2017.70410958904              0.00%    passed     98.76%
  97  MG894992.1|Taiwan|NA|NA|Dengue_2|2011-11-17|2011.87671232877                   0.00%    passed     90.10%
  98  MG840603.1|China|NA|NA|Dengue_2|2016-06-15|2016.45205479452                    1.89%    passed     97.76%
  99  MG457043.1|Taiwan|NA|NA|Dengue_2|2001-11-10|2001.85753424658                   0.00%    passed     90.29%
 100  MG457064.1|Taiwan|NA|NA|Dengue_2|2002-10-01|2002.74794520548                   0.00%    passed     91.23%
 101  MG457069.1|Taiwan|NA|NA|Dengue_2|2003-03-04|2003.1698630137                    0.00%    passed     91.08%
 102  MF094260.1|Philippines|NA|NA|Dengue_2|2002-06-15|2002.45205479452              0.00%    passed     89.12%
 103  KY882530.1|Viet_Nam|NA|NA|Dengue_2|2011-06-15|2011.45205479452                22.49%    passed     39.87%
 104  KY971720.1|Viet_Nam|NA|NA|Dengue_2|2015-06-15|2015.45205479452                 0.00%    passed     92.75%
 105  KY971724.1|Viet_Nam|NA|NA|Dengue_2|2015-06-15|2015.45205479452                 0.00%    passed     92.99%
 106  KY971727.1|Viet_Nam|NA|NA|Dengue_2|2015-06-15|2015.45205479452                 0.00%    passed     87.92%
 107  KY971730.1|Viet_Nam|NA|NA|Dengue_2|2015-06-15|2015.45205479452                 0.00%    passed     92.74%
 108  KY971732.1|Viet_Nam|NA|NA|Dengue_2|2015-06-15|2015.45205479452                 0.00%    passed     94.88%
 109  KY849765.1|Laos|Vientiane|NA|Dengue_2|2009-11-06|2009.84657534247              0.00%    passed     97.95%
 110  KY849764.1|Laos|Vientiane|NA|Dengue_2|2009-09-07|2009.68219178082              0.00%    passed     99.67%
 111  KY851484.1|Viet_Nam|NA|NA|Dengue_2|2011-06-15|2011.45205479452                 0.00%    passed     93.36%
 112  KY709186.1|Indonesia|Purwokerto|NA|Dengue_2|2015-06-15|2015.45205479452        0.00%    passed     96.58%
 113  KY495806.1|Indonesia|NA|NA|Dengue_2|2016-06-15|2016.45205479452                0.00%    passed     89.32%
 114  KY495819.1|Cambodia|NA|NA|Dengue_2|2015-06-15|2015.45205479452                 0.00%    passed     87.44%
 115  KX357981.1|Myanmar|NA|NA|Dengue_2|2015-06-15|2015.45205479452                  0.00%    passed     99.44%
 116  KU666944.1|Malaysia|Johor_Bahru|NA|Dengue_2|2014-01-15|2014.03835616438        0.00%    passed     97.06%
 117  KU509276.1|Philippines|NA|NA|Dengue_2|2008-06-15|2008.45205479452              0.00%    passed     99.00%
 118  KU509271.1|India|NA|NA|Dengue_2|2006-06-15|2006.45205479452                    0.00%    passed     90.26%
 119  KT781554.1|Indonesia|NA|NA|Dengue_2|2013-06-15|2013.45205479452                0.00%    passed     85.70%
 120  KT781572.1|Thailand|NA|NA|Dengue_2|2015-06-15|2015.45205479452                 0.00%    passed     87.19%
 121  KT806319.1|Philippines|NA|NA|Dengue_2|2014-06-15|2014.45205479452              0.00%    passed     96.24%
 122  KP769814.1|Viet_Nam|DakNong|NA|Dengue_2|2011-06-15|2011.45205479452            0.00%    passed     88.67%
 123  KP769811.1|Viet_Nam|GiaLai|NA|Dengue_2|2010-06-15|2010.45205479452             0.00%    passed     96.81%
 124  KJ470746.1|China|NA|NA|Dengue_2|2013-09-15|2013.70410958904                    0.00%    passed     97.04%
 125  KJ470763.1|Myanmar|NA|NA|Dengue_2|2013-11-15|2013.87123287671                  0.00%    passed     97.04%
 126  KJ806773.1|Malaysia|NA|NA|Dengue_2|2005-06-15|2005.45205479452                 0.00%    passed     87.26%
 127  KJ806891.1|Malaysia|NA|NA|Dengue_2|2013-06-15|2013.45205479452                 0.00%    passed     90.36%
 128  KJ918750.1|India|NA|NA|Dengue_2|2007-04-01|2007.24657534247                    0.00%    passed     95.29%
 129  KF060920.1|China|Guangzhou|NA|Dengue_2|2012-06-15|2012.45205479452             0.00%    passed     98.51%
 130  KF744408.1|Philippines|NA|NA|Dengue_2|2005-06-15|2005.45205479452              0.00%    passed     93.28%
 131  KC131142.1|China|Guangdong|NA|Dengue_2|2012-09-15|2012.70410958904             0.00%    passed     84.31%
 132  KF744398.1|Philippines|NA|NA|Dengue_2|2005-06-15|2005.45205479452              0.07%    passed     90.09%
 133  JQ993206.1|Thailand|NA|NA|Dengue_2|2007-06-15|2007.45205479452                 0.00%    passed     99.23%
 134  KC762672.1|Indonesia|Makassar|NA|Dengue_2|2008-04-09|2008.26849315068          0.00%    passed     99.81%
 135  JQ403522.1|Taiwan|NA|NA|Dengue_2|2008-06-15|2008.45205479452                   0.00%    passed     99.06%
 136  JN376785.1|Viet_Nam|Mekong_Delta|NA|Dengue_2|2002-06-15|2002.45205479452       0.00%    passed     81.68%
 137  JN376788.1|Viet_Nam|Mekong_Delta|NA|Dengue_2|2005-06-15|2005.45205479452       0.00%    passed     83.68%
 138  JN376789.1|Viet_Nam|Mekong_Delta|NA|Dengue_2|2006-06-15|2006.45205479452       0.00%    passed     97.52%
 139  JN376794.1|Viet_Nam|Mekong_Delta|NA|Dengue_2|2011-06-15|2011.45205479452       0.00%    passed     90.94%
 140  JQ277886.1|China|NA|NA|Dengue_2|2005-06-15|2005.45205479452                    0.00%    passed     99.11%
 141  JN380843.1|Singapore|NA|NA|Dengue_2|2009-06-15|2009.45205479452                0.00%    passed     99.45%
 142  JN568263.1|Philippines|NA|NA|Dengue_2|2003-06-15|2003.45205479452              0.00%    passed     85.54%
 143  JN568271.1|Indonesia|NA|NA|Dengue_2|2009-06-15|2009.45205479452                0.00%    passed     91.93%
 144  JF968000.1|Indonesia|NA|NA|Dengue_2|2009-06-15|2009.45205479452                0.00%    passed     99.60%
 145  JF968026.1|Myanmar|NA|NA|Dengue_2|2010-06-15|2010.45205479452                  0.00%    passed     99.07%
 146  JF968037.1|Philippines|NA|NA|Dengue_2|2010-06-15|2010.45205479452              0.00%    passed     86.33%
 147  JN029821.1|China|NA|NA|Dengue_2|2010-06-15|2010.45205479452                    2.96%    passed     82.32%
 148  JN030202.1|Singapore|NA|NA|Dengue_2|2008-06-15|2008.45205479452                0.00%    passed     99.45%
 149  JN196604.1|Singapore|NA|NA|Dengue_2|2010-06-15|2010.45205479452                0.00%    passed     99.18%
 150  JF804033.1|India|NA|NA|Dengue_2|2006-06-15|2006.45205479452                    0.00%    passed     93.99%
 151  JF730044.1|Cambodia|RAT|NA|Dengue_2|2001-06-15|2001.45205479452                0.00%    passed     96.41%
 152  GU211748.1|Viet_Nam|NA|NA|Dengue_2|2006-06-15|2006.45205479452                 0.00%    passed     95.64%
 153  GU211749.1|Viet_Nam|NA|NA|Dengue_2|2006-06-15|2006.45205479452                 0.00%    passed     94.17%
 154  GU211757.1|Viet_Nam|NA|NA|Dengue_2|2006-06-15|2006.45205479452                 0.00%    passed     94.17%
 155  GU211758.1|Viet_Nam|NA|NA|Dengue_2|2006-06-15|2006.45205479452                 0.00%    passed     92.35%
 156  GU211743.1|Viet_Nam|South|NA|Dengue_2|2003-06-15|2003.45205479452              0.00%    passed     93.02%
 157  GU434155.1|Viet_Nam|South|NA|Dengue_2|2002-06-15|2002.45205479452              0.00%    passed     91.01%
 158  GU434154.1|Viet_Nam|South|NA|Dengue_2|2001-06-15|2001.45205479452              0.00%    passed     91.86%
 159  GU434158.1|Viet_Nam|South|NA|Dengue_2|2004-06-15|2004.45205479452              0.00%    passed     97.21%
 160  GU908494.1|Viet_Nam|south|NA|Dengue_2|2009-08-07|2009.59726027397              0.00%    passed     96.69%
 161  GU908504.1|Viet_Nam|south|NA|Dengue_2|2008-12-01|2008.91506849315              0.00%    passed     87.43%
 162  GU908508.1|Viet_Nam|south|NA|Dengue_2|2009-07-15|2009.53424657534              0.00%    passed     95.67%
 163  GU908507.1|Viet_Nam|south|NA|Dengue_2|2009-04-26|2009.31506849315              0.00%    passed     95.67%
 164  GU908511.1|Viet_Nam|south|NA|Dengue_2|2009-08-04|2009.58904109589              0.00%    passed     99.70%
 165  GU434156.1|Viet_Nam|South|NA|Dengue_2|2003-06-15|2003.45205479452              0.00%    passed     78.72%
 166  GU908510.1|Viet_Nam|south|NA|Dengue_2|2009-07-17|2009.5397260274               0.00%    passed     95.74%
 167  GU908518.1|Viet_Nam|north|NA|Dengue_2|2008-10-08|2008.76712328767              0.00%    passed     89.30%
 168  GU908520.1|Viet_Nam|north|NA|Dengue_2|2008-10-21|2008.80273972603              0.00%    passed     89.91%
 169  GU908496.1|Viet_Nam|south|NA|Dengue_2|2009-10-02|2009.75068493151              0.00%    passed     99.94%
 170  GU908509.1|Viet_Nam|south|NA|Dengue_2|2009-07-16|2009.53698630137              0.00%    passed     98.12%
 171  GQ868621.1|Cambodia|SRP|NA|Dengue_2|2003-06-15|2003.45205479452                0.00%    passed     97.45%
 172  GU131901.1|Cambodia|SRP|NA|Dengue_2|2008-06-15|2008.45205479452                0.00%    passed     98.09%
 173  GQ357734.1|Singapore|NA|NA|Dengue_2|2007-06-15|2007.45205479452                0.00%    passed     98.53%
 174  GQ357776.1|Singapore|NA|NA|Dengue_2|2001-06-15|2001.45205479452                0.00%    passed     94.77%
 175  GQ357791.1|Singapore|NA|NA|Dengue_2|2007-06-15|2007.45205479452                0.00%    passed     98.63%
 176  FM210204.1|Viet_Nam|South|NA|Dengue_2|2003-06-15|2003.45205479452              0.00%    passed     92.19%
 177  FM210227.1|Viet_Nam|South|NA|Dengue_2|2002-06-15|2002.45205479452              0.00%    passed     94.39%
 178  FM210213.1|Viet_Nam|South|NA|Dengue_2|2005-06-15|2005.45205479452              0.00%    passed     81.68%
 179  FM210207.1|Viet_Nam|South|NA|Dengue_2|2005-06-15|2005.45205479452              0.00%    passed     94.66%
 180  FM210229.1|Viet_Nam|South|NA|Dengue_2|2003-06-15|2003.45205479452              0.00%    passed     84.31%
 181  FM210233.2|Viet_Nam|South|NA|Dengue_2|2004-06-15|2004.45205479452              0.00%    passed     97.21%
 182  FM210238.2|Viet_Nam|South|NA|Dengue_2|2001-06-15|2001.45205479452              0.00%    passed     90.44%
 183  FM210239.2|Viet_Nam|South|NA|Dengue_2|2004-06-15|2004.45205479452              0.00%    passed     85.44%
 184  FM210225.1|Viet_Nam|South|NA|Dengue_2|2001-06-15|2001.45205479452              0.00%    passed     95.33%
 185  FM210226.1|Viet_Nam|South|NA|Dengue_2|2002-06-15|2002.45205479452              0.00%    passed     86.34%
 186  FM210242.2|Viet_Nam|South|NA|Dengue_2|2004-06-15|2004.45205479452              0.00%    passed     96.81%
 187  FM210246.2|Viet_Nam|South|NA|Dengue_2|2005-06-15|2005.45205479452              0.00%    passed     92.54%
 188  FJ639697.1|Cambodia|KCH|NA|Dengue_2|2001-06-15|2001.45205479452                0.00%    passed     96.82%
 189  FJ639708.1|Cambodia|SRP|NA|Dengue_2|2005-06-15|2005.45205479452                0.00%    passed     97.45%
 190  FJ639709.1|Cambodia|TAK|NA|Dengue_2|2005-06-15|2005.45205479452                0.00%    passed     99.68%
 191  FJ807636.1|India|NA|NA|Dengue_2|2005-06-15|2005.45205479452                    0.00%    passed     98.90%
 192  FJ410193.1|Viet_Nam|South|NA|Dengue_2|2007-06-15|2007.45205479452              0.00%    passed     95.01%
 193  FJ158608.1|China|NA|NA|Dengue_2|2007-08-15|2007.61917808219                    0.00%    passed     96.94%
 194  EU482777.1|Viet_Nam|south|NA|Dengue_2|2005-06-15|2005.45205479452              0.00%    passed     95.01%
 195  EU482783.1|Viet_Nam|south|NA|Dengue_2|2003-06-15|2003.45205479452              0.00%    passed     86.30%
 196  EU482788.1|Viet_Nam|south|NA|Dengue_2|2003-06-15|2003.45205479452              0.00%    passed     81.67%
 197  EU482787.1|Viet_Nam|south|NA|Dengue_2|2003-06-15|2003.45205479452              0.00%    passed     83.68%
 198  EU482463.1|Viet_Nam|south|NA|Dengue_2|2006-06-15|2006.45205479452              0.00%    passed     97.21%
 199  EU482670.1|Viet_Nam|south|NA|Dengue_2|2006-06-15|2006.45205479452              0.00%    passed     94.12%
 200  AB479042.1|Viet_Nam|Ho_Chi_Minh|NA|Dengue_2|2002-06-15|2002.45205479452        0.00%    passed     76.85%
****  TOTAL                                                                          1.06%  1 sequences failed composition chi2 test (p-value<5%; df=3)
NOTE: OQ521644.1|Viet_Nam|NA|NA|Dengue_2|2022-06-15|2022.45205479452 is identical to OQ521638.1|Viet_Nam|NA|NA|Dengue_2|2022-05-15|2022.36712328767 but kept for subsequent analysis
NOTE: OQ426880.1|Viet_Nam|Nha_Trang|NA|Dengue_2|2019-01-22|2019.05753424658 is identical to OQ426871.1|Viet_Nam|Nha_Trang|NA|Dengue_2|2019-01-15|2019.03835616438 but kept for subsequent analysis
NOTE: MN448811.1|Thailand|NA|NA|Dengue_2|2010-08-05|2010.59178082192 is identical to MN448802.1|Thailand|NA|NA|Dengue_2|2011-09-05|2011.67671232877 but kept for subsequent analysis
NOTE: MH822946.2|India|NA|NA|Dengue_2|2012-10-19|2012.79726027397 is identical to MK858097.2|India|NA|NA|Dengue_2|2013-06-15|2013.45205479452 but kept for subsequent analysis
NOTE: KJ470763.1|Myanmar|NA|NA|Dengue_2|2013-11-15|2013.87123287671 is identical to KJ470746.1|China|NA|NA|Dengue_2|2013-09-15|2013.70410958904 but kept for subsequent analysis
NOTE: JN030202.1|Singapore|NA|NA|Dengue_2|2008-06-15|2008.45205479452 is identical to JN380843.1|Singapore|NA|NA|Dengue_2|2009-06-15|2009.45205479452 but kept for subsequent analysis
NOTE: GU211757.1|Viet_Nam|NA|NA|Dengue_2|2006-06-15|2006.45205479452 is identical to GU211749.1|Viet_Nam|NA|NA|Dengue_2|2006-06-15|2006.45205479452 but kept for subsequent analysis
NOTE: GU908507.1|Viet_Nam|south|NA|Dengue_2|2009-04-26|2009.31506849315 is identical to GU908508.1|Viet_Nam|south|NA|Dengue_2|2009-07-15|2009.53424657534 but kept for subsequent analysis
NOTE: FJ639708.1|Cambodia|SRP|NA|Dengue_2|2005-06-15|2005.45205479452 is identical to GQ868621.1|Cambodia|SRP|NA|Dengue_2|2003-06-15|2003.45205479452 but kept for subsequent analysis
Checking for duplicate sequences: done in 0.000620127 secs using 75.63% CPU
Identifying sites to remove: done in 0.00200105 secs using 86.45% CPU
NOTE: 3 identical sequences (see below) will be ignored for subsequent analysis
NOTE: OQ521625.1|Viet_Nam|NA|NA|Dengue_2|2022-04-15|2022.28493150685 (identical to OQ521638.1|Viet_Nam|NA|NA|Dengue_2|2022-05-15|2022.36712328767) is ignored but added at the end
NOTE: OQ521632.1|Viet_Nam|NA|NA|Dengue_2|2022-04-15|2022.28493150685 (identical to OQ521638.1|Viet_Nam|NA|NA|Dengue_2|2022-05-15|2022.36712328767) is ignored but added at the end
NOTE: OQ426953.1|Viet_Nam|Nha_Trang|NA|Dengue_2|2018-11-19|2018.88219178082 (identical to OQ426871.1|Viet_Nam|Nha_Trang|NA|Dengue_2|2019-01-15|2019.03835616438) is ignored but added at the end
Alignment was printed to results/subsampled_Dengue_2_ml_tree/subsampled_Dengue_2_cleaned.uniqueseq.phy

For your convenience alignment with unique sequences printed to results/subsampled_Dengue_2_ml_tree/subsampled_Dengue_2_cleaned.uniqueseq.phy

Create initial parsimony tree by phylogenetic likelihood library (PLL)... 0.015 seconds

NOTE: 4 MB RAM (0 GB) is required!
Estimate model parameters (epsilon = 0.100)
1. Initial log-likelihood: -14629.162
2. Current log-likelihood: -13446.311
3. Current log-likelihood: -13072.208
4. Current log-likelihood: -13030.529
5. Current log-likelihood: -13020.878
6. Current log-likelihood: -13018.305
7. Current log-likelihood: -13017.588
8. Current log-likelihood: -13017.366
Optimal log-likelihood: -13017.284
Rate parameters:  A-C: 1.00000  A-G: 24.63397  A-T: 1.00000  C-G: 1.00000  C-T: 24.63397  G-T: 1.00000
Base frequencies:  A: 0.334  C: 0.198  G: 0.256  T: 0.212
Proportion of invariable sites: 0.571
Parameters optimization took 8 rounds (0.381 sec)
Wrote distance file to... 
Computing ML distances based on estimated model parameters...
Calculating distance matrix: done in 0.0474229 secs using 97.85% CPU
Computing ML distances took 0.047928 sec (of wall-clock time) 0.046765 sec (of CPU time)
Setting up auxiliary I and S matrices: done in 0.00102091 secs using 168.8% CPU
Constructing RapidNJ tree: done in 0.00307393 secs using 172.4% CPU
Computing RapidNJ tree took 0.004254 sec (of wall-clock time) 0.007188 sec (of CPU time)
Log-likelihood of RapidNJ tree: -13299.394
--------------------------------------------------------------------
|             INITIALIZING CANDIDATE TREE SET                      |
--------------------------------------------------------------------
Generating 98 parsimony trees... 1.400 second
Computing log-likelihood of 98 initial trees ... 1.079 seconds
Current best score: -13004.373

Do NNI search on 20 best initial trees
Optimizing NNI: done in 0.107544 secs using 99.34% CPU
Estimate model parameters (epsilon = 0.100)
BETTER TREE FOUND at iteration 1: -13001.607
Optimizing NNI: done in 0.119901 secs using 99.21% CPU
Estimate model parameters (epsilon = 0.100)
BETTER TREE FOUND at iteration 2: -12999.387
Optimizing NNI: done in 0.111113 secs using 99.33% CPU
Optimizing NNI: done in 0.127746 secs using 99.42% CPU
Optimizing NNI: done in 0.109989 secs using 98.89% CPU
Optimizing NNI: done in 0.112973 secs using 98.79% CPU
Optimizing NNI: done in 0.107812 secs using 99.21% CPU
Optimizing NNI: done in 0.119555 secs using 99.29% CPU
Optimizing NNI: done in 0.114649 secs using 99.35% CPU
Optimizing NNI: done in 0.119015 secs using 98.61% CPU
Iteration 10 / LogL: -13002.803 / Time: 0h:0m:4s
Optimizing NNI: done in 0.129884 secs using 95.15% CPU
Optimizing NNI: done in 0.121813 secs using 94.89% CPU
Optimizing NNI: done in 0.132852 secs using 99.4% CPU
Estimate model parameters (epsilon = 0.100)
BETTER TREE FOUND at iteration 13: -12998.375
Optimizing NNI: done in 0.113789 secs using 99.98% CPU
Optimizing NNI: done in 0.118091 secs using 99.98% CPU
Optimizing NNI: done in 0.128274 secs using 99.99% CPU
Optimizing NNI: done in 0.11679 secs using 99.61% CPU
Optimizing NNI: done in 0.111035 secs using 99.72% CPU
Optimizing NNI: done in 0.11736 secs using 99.98% CPU
Optimizing NNI: done in 0.112525 secs using 99.98% CPU
Iteration 20 / LogL: -13001.510 / Time: 0h:0m:5s
Finish initializing candidate tree set (20)
Current best tree score: -12998.375 / CPU time: 4.980
Number of iterations: 20
--------------------------------------------------------------------
|               OPTIMIZING CANDIDATE TREE SET                      |
--------------------------------------------------------------------
Optimizing NNI: done in 0.233613 secs using 99.14% CPU
Optimizing NNI: done in 0.235606 secs using 99.34% CPU
Optimizing NNI: done in 0.227312 secs using 99.94% CPU
Optimizing NNI: done in 0.282538 secs using 99.54% CPU
Estimate model parameters (epsilon = 0.100)
BETTER TREE FOUND at iteration 24: -12996.741
Optimizing NNI: done in 0.222547 secs using 99.71% CPU
Optimizing NNI: done in 0.223937 secs using 99.96% CPU
Optimizing NNI: done in 0.246049 secs using 99.92% CPU
Optimizing NNI: done in 0.214192 secs using 98.11% CPU
Optimizing NNI: done in 0.231331 secs using 99.32% CPU
Optimizing NNI: done in 0.231949 secs using 99.81% CPU
Estimate model parameters (epsilon = 0.100)
BETTER TREE FOUND at iteration 30: -12996.618
Iteration 30 / LogL: -12996.618 / Time: 0h:0m:8s (0h:0m:28s left)
Optimizing NNI: done in 0.20945 secs using 99.73% CPU
Optimizing NNI: done in 0.176157 secs using 99.75% CPU
Optimizing NNI: done in 0.23756 secs using 98.48% CPU
Optimizing NNI: done in 0.197342 secs using 98.99% CPU
Optimizing NNI: done in 0.201178 secs using 98.89% CPU
Optimizing NNI: done in 0.20126 secs using 99.31% CPU
Optimizing NNI: done in 0.204119 secs using 99.99% CPU
Optimizing NNI: done in 0.2328 secs using 99.98% CPU
Optimizing NNI: done in 0.179104 secs using 99.98% CPU
Optimizing NNI: done in 0.185346 secs using 99.94% CPU
Iteration 40 / LogL: -13023.743 / Time: 0h:0m:10s (0h:0m:23s left)
Optimizing NNI: done in 0.192173 secs using 99.99% CPU
Optimizing NNI: done in 0.224181 secs using 98.81% CPU
Optimizing NNI: done in 0.222154 secs using 99.34% CPU
Optimizing NNI: done in 0.213825 secs using 99.1% CPU
Optimizing NNI: done in 0.199633 secs using 99.57% CPU
Optimizing NNI: done in 0.169473 secs using 99.98% CPU
Optimizing NNI: done in 0.206685 secs using 99.94% CPU
Optimizing NNI: done in 0.226326 secs using 98.32% CPU
Optimizing NNI: done in 0.200251 secs using 98.91% CPU
Optimizing NNI: done in 0.252226 secs using 95.54% CPU
Iteration 50 / LogL: -12997.854 / Time: 0h:0m:12s (0h:0m:20s left)
Optimizing NNI: done in 0.234958 secs using 95.61% CPU
Optimizing NNI: done in 0.218532 secs using 98.96% CPU
Optimizing NNI: done in 0.225938 secs using 99.97% CPU
Optimizing NNI: done in 0.192979 secs using 99.96% CPU
Optimizing NNI: done in 0.187441 secs using 99.74% CPU
Optimizing NNI: done in 0.204642 secs using 98.77% CPU
Optimizing NNI: done in 0.181689 secs using 99.96% CPU
Optimizing NNI: done in 0.257866 secs using 97.74% CPU
Optimizing NNI: done in 0.20501 secs using 99.46% CPU
Optimizing NNI: done in 0.211808 secs using 99.67% CPU
Iteration 60 / LogL: -12996.847 / Time: 0h:0m:14s (0h:0m:17s left)
Optimizing NNI: done in 0.215402 secs using 99.98% CPU
Optimizing NNI: done in 0.214914 secs using 99.96% CPU
Optimizing NNI: done in 0.228312 secs using 99.96% CPU
Optimizing NNI: done in 0.235969 secs using 99.94% CPU
Optimizing NNI: done in 0.203031 secs using 99.84% CPU
Optimizing NNI: done in 0.211923 secs using 99.99% CPU
Optimizing NNI: done in 0.244748 secs using 99.98% CPU
Optimizing NNI: done in 0.198546 secs using 99.98% CPU
Optimizing NNI: done in 0.204896 secs using 99.87% CPU
Optimizing NNI: done in 0.262253 secs using 99.96% CPU
Iteration 70 / LogL: -12996.637 / Time: 0h:0m:16s (0h:0m:14s left)
Optimizing NNI: done in 0.200134 secs using 99.97% CPU
Optimizing NNI: done in 0.224216 secs using 99.97% CPU
Optimizing NNI: done in 0.189754 secs using 99.96% CPU
Optimizing NNI: done in 0.214143 secs using 99.2% CPU
Optimizing NNI: done in 0.242371 secs using 98.4% CPU
Optimizing NNI: done in 0.171857 secs using 99.72% CPU
Optimizing NNI: done in 0.189185 secs using 98.44% CPU
Optimizing NNI: done in 0.218927 secs using 97.89% CPU
Optimizing NNI: done in 0.201144 secs using 98.25% CPU
Optimizing NNI: done in 0.243003 secs using 98.51% CPU
Iteration 80 / LogL: -12998.241 / Time: 0h:0m:19s (0h:0m:12s left)
Optimizing NNI: done in 0.197992 secs using 96.9% CPU
Optimizing NNI: done in 0.198797 secs using 97.84% CPU
Optimizing NNI: done in 0.198772 secs using 99.09% CPU
Optimizing NNI: done in 0.219484 secs using 99.79% CPU
Optimizing NNI: done in 0.214092 secs using 99.9% CPU
Optimizing NNI: done in 0.21811 secs using 99.98% CPU
Optimizing NNI: done in 0.197904 secs using 99.65% CPU
Optimizing NNI: done in 0.271966 secs using 99.95% CPU
Optimizing NNI: done in 0.224473 secs using 99.98% CPU
Optimizing NNI: done in 0.215166 secs using 98.76% CPU
Iteration 90 / LogL: -12996.658 / Time: 0h:0m:21s (0h:0m:9s left)
Optimizing NNI: done in 0.226572 secs using 99.69% CPU
Optimizing NNI: done in 0.207699 secs using 99.97% CPU
Optimizing NNI: done in 0.218869 secs using 99.97% CPU
Optimizing NNI: done in 0.230136 secs using 99.96% CPU
Optimizing NNI: done in 0.234293 secs using 99.83% CPU
Optimizing NNI: done in 0.194071 secs using 99.98% CPU
Optimizing NNI: done in 0.215382 secs using 98.38% CPU
Optimizing NNI: done in 0.22653 secs using 98.96% CPU
Optimizing NNI: done in 0.213518 secs using 98.58% CPU
Optimizing NNI: done in 0.227571 secs using 98.95% CPU
Iteration 100 / LogL: -12997.821 / Time: 0h:0m:23s (0h:0m:7s left)
Optimizing NNI: done in 0.217482 secs using 98.44% CPU
Optimizing NNI: done in 0.204591 secs using 99.19% CPU
Optimizing NNI: done in 0.218837 secs using 99.67% CPU
Optimizing NNI: done in 0.310249 secs using 99.05% CPU
Optimizing NNI: done in 0.211835 secs using 91.34% CPU
Optimizing NNI: done in 0.200241 secs using 99.17% CPU
Optimizing NNI: done in 0.185478 secs using 98.17% CPU
Optimizing NNI: done in 0.214609 secs using 97.23% CPU
Optimizing NNI: done in 0.182525 secs using 98.69% CPU
Optimizing NNI: done in 0.209646 secs using 99.09% CPU
Iteration 110 / LogL: -12999.165 / Time: 0h:0m:25s (0h:0m:4s left)
Optimizing NNI: done in 0.239609 secs using 98.58% CPU
Optimizing NNI: done in 0.19579 secs using 98.54% CPU
Optimizing NNI: done in 0.278996 secs using 81.19% CPU
Optimizing NNI: done in 0.253916 secs using 86.62% CPU
Optimizing NNI: done in 0.241914 secs using 91.42% CPU
Optimizing NNI: done in 0.20925 secs using 98.77% CPU
Optimizing NNI: done in 0.207681 secs using 99.73% CPU
Optimizing NNI: done in 0.213897 secs using 99.32% CPU
Optimizing NNI: done in 0.180642 secs using 98.04% CPU
Optimizing NNI: done in 0.224115 secs using 98.76% CPU
Iteration 120 / LogL: -12996.651 / Time: 0h:0m:27s (0h:0m:2s left)
Optimizing NNI: done in 0.19833 secs using 99.57% CPU
Optimizing NNI: done in 0.210912 secs using 98.55% CPU
Optimizing NNI: done in 0.223078 secs using 96.92% CPU
Optimizing NNI: done in 0.227854 secs using 95.28% CPU
Optimizing NNI: done in 0.198595 secs using 96.25% CPU
Optimizing NNI: done in 0.208288 secs using 97.96% CPU
Optimizing NNI: done in 0.185989 secs using 99.01% CPU
Optimizing NNI: done in 0.211353 secs using 98.58% CPU
Optimizing NNI: done in 0.208156 secs using 98.3% CPU
Optimizing NNI: done in 0.188204 secs using 96.25% CPU
Iteration 130 / LogL: -12999.923 / Time: 0h:0m:30s (0h:0m:0s left)
Optimizing NNI: done in 0.229524 secs using 97.41% CPU
TREE SEARCH COMPLETED AFTER 131 ITERATIONS / Time: 0h:0m:30s

--------------------------------------------------------------------
|                    FINALIZING TREE SEARCH                        |
--------------------------------------------------------------------
Performs final model parameters optimization
Estimate model parameters (epsilon = 0.010)
1. Initial log-likelihood: -12996.618
Optimal log-likelihood: -12996.618
Rate parameters:  A-C: 1.00000  A-G: 24.53236  A-T: 1.00000  C-G: 1.00000  C-T: 24.53236  G-T: 1.00000
Base frequencies:  A: 0.334  C: 0.198  G: 0.256  T: 0.212
Proportion of invariable sites: 0.573
Parameters optimization took 1 rounds (0.026 sec)
BEST SCORE FOUND : -12996.618
Total tree length: 3.353

Total number of iterations: 131
CPU time used for tree search: 29.179 sec (0h:0m:29s)
Wall-clock time used for tree search: 29.639 sec (0h:0m:29s)
Total CPU time used: 29.981 sec (0h:0m:29s)
Total wall-clock time used: 30.377 sec (0h:0m:30s)

Analysis results written to: 
  IQ-TREE report:                results/subsampled_Dengue_2_ml_tree/subsampled_Dengue_2_cleaned.iqtree
  Maximum-likelihood tree:       results/subsampled_Dengue_2_ml_tree/subsampled_Dengue_2_cleaned.treefile
  Likelihood distances:          results/subsampled_Dengue_2_ml_tree/subsampled_Dengue_2_cleaned.mldist
  Screen log file:               results/subsampled_Dengue_2_ml_tree/subsampled_Dengue_2_cleaned.log

Date and Time: Mon Jun  3 13:53:19 2024
