IQ-TREE multicore version 2.2.6 COVID-edition for Mac OS X 64-bit built Dec  8 2023
Developed by Bui Quang Minh, James Barbetti, Nguyen Lam Tung,
Olga Chernomor, Heiko Schmidt, Dominik Schrempf, Michael Woodhams, Ly Trong Nhan.

Host:    BIO-M-LT-03039.local (SSE4.2, 8 GB RAM)
Command: iqtree2 -s results/subsampled_Dengue_1_cleaned.fasta -m GTR+F+I -redo
Seed:    771630 (Using SPRNG - Scalable Parallel Random Number Generator)
OMP: Info #276: omp_set_nested routine deprecated, please use omp_set_max_active_levels instead.
Time:    Tue Mar  5 12:07:49 2024
Kernel:  SSE2 - 1 threads (8 CPU cores detected)

HINT: Use -nt option to specify number of threads because your CPU has 8 cores!
HINT: -nt AUTO will automatically determine the best number of threads to use.

Reading alignment file results/subsampled_Dengue_1_cleaned.fasta ... Fasta format detected
Reading fasta file: done in 0.00313997 secs using 78.15% CPU
Alignment most likely contains DNA/RNA sequences
Constructing alignment: done in 0.00199294 secs using 69.65% CPU
Alignment has 110 sequences with 1485 columns, 616 distinct patterns
437 parsimony-informative, 152 singleton sites, 896 constant sites
                                                                                              Gap/Ambiguity  Composition  p-value
Analyzing sequences: done in 7.98702e-05 secs using 97.66% CPU
   1  PP204092.1|Philippines|NA|NA|Dengue_1|2023-06-01|2023.41369863014                               0.00%    passed     97.06%
   2  PP234962.1|Colombia|NA|NA|Dengue_1|2018-07-01|2018.49589041096                                  0.00%    passed     92.59%
   3  PP269617.1|Viet_Nam|NA|NA|Dengue_1|2015-09-19|2015.71506849315                                  0.00%    passed     97.70%
   4  OR581581.1|Italy|NA|NA|Dengue_1|2023-09-08|2023.68493150685                                     0.00%    passed     89.93%
   5  OQ832615.1|Viet_Nam|Hanoi|NA|Dengue_1|2020-09-15|2020.70410958904                               0.00%    passed     92.99%
   6  OQ593393.1|Cameroon|Mfou|NA|Dengue_1|2018-06-30|2018.49315068493                                0.00%    passed     99.51%
   7  OQ714405.1|Israel|NA|NA|Dengue_1|2022-09-15|2022.70410958904                                   12.79%    passed     72.73%
   8  OQ821332.1|Costa_Rica|NA|NA|Dengue_1|2016-03-15|2016.2                                          0.13%    passed     95.47%
   9  OQ821346.1|Cuba|NA|NA|Dengue_1|2022-07-14|2022.53150684932                                     15.69%    passed     81.56%
  10  OQ821357.1|Dominican_Republic|NA|NA|Dengue_1|2019-09-10|2019.6904109589                         0.27%    passed     87.48%
  11  OQ821378.1|USA|Florida|NA|Dengue_1|2019-09-20|2019.71780821918                                 17.91%    passed     95.90%
  12  OQ521623.1|Viet_Nam|NA|NA|Dengue_1|2022-06-15|2022.45205479452                                  0.00%    passed     96.24%
  13  OQ579185.1|Philippines|NA|NA|Dengue_1|2016-02-15|2016.12328767123                               0.00%    passed     97.33%
  14  OQ579272.1|Philippines|NA|NA|Dengue_1|2017-02-15|2017.12328767123                               0.00%    passed     90.98%
  15  OP952168.1|Australia|NA|NA|Dengue_1|2016-06-07|2016.4301369863                                  0.00%    passed     87.44%
  16  OQ078880.1|Brazil|Bahia|NA|Dengue_1|2019-04-09|2019.26849315068                                 0.00%    passed     93.14%
  17  OQ426587.1|Viet_Nam|Nha_Trang|NA|Dengue_1|2018-10-29|2018.82465753425                           0.00%    passed     96.77%
  18  OQ426654.1|Viet_Nam|Nha_Trang|NA|Dengue_1|2017-08-14|2017.61643835616                           0.00%    passed     95.27%
  19  OP090347.1|Viet_Nam|NA|NA|Dengue_1|2021-03-25|2021.22739726027                                  0.00%    passed     95.27%
  20  OP090348.1|Viet_Nam|NA|NA|Dengue_1|2021-05-07|2021.34520547945                                  0.00%    passed     92.73%
  21  OP410988.1|Singapore|NA|NA|Dengue_1|2019-05-15|2019.36712328767                                 0.00%    passed     86.77%
  22  ON426292.1|Brazil|Sao_Paulo|Sao_Pedro|Dengue_1|2020-01-22|2020.05753424658                      0.00%    passed     96.67%
  23  ON631279.1|Reunion|NA|NA|Dengue_1|2021-06-15|2021.45205479452                                   0.00%    passed     95.24%
  24  ON631282.1|Reunion|NA|NA|Dengue_1|2020-06-15|2020.45205479452                                   0.00%    passed     94.83%
  25  ON873938.1|Pakistan|NA|NA|Dengue_1|2019-08-09|2019.60273972603                                  0.00%    passed     96.24%
  26  OM831215.1|USA|NA|NA|Dengue_1|2020-07-29|2020.57260273973                                       0.00%    passed     89.88%
  27  MZ857216.1|Eritrea|NA|NA|Dengue_1|2015-06-15|2015.45205479452                                   0.00%    passed     92.85%
  28  MZ857203.1|Gambia|NA|NA|Dengue_1|2010-06-15|2010.45205479452                                    0.00%    passed     97.67%
  29  MZ857206.1|Kenya|NA|NA|Dengue_1|2013-06-15|2013.45205479452                                     0.00%    passed     98.63%
  30  OK040059.1|Kenya|NA|NA|Dengue_1|2016-06-15|2016.45205479452                                     0.00%    passed     92.85%
  31  OL321181.1|Papua_New_Guinea|Western_Province|St_Gabriel|Dengue_1|2016-02-08|2016.10410958904    0.00%    passed     95.99%
  32  OM281569.1|Cambodia|NA|NA|Dengue_1|2018-12-15|2018.95342465753                                  0.00%    passed     97.42%
  33  OM281596.1|Maldives|NA|NA|Dengue_1|2019-12-15|2019.95342465753                                  0.00%    passed     95.24%
  34  MZ520700.1|Costa_Rica|NA|NA|Dengue_1|2015-08-26|2015.64931506849                                0.40%    passed     97.10%
  35  MZ130537.1|Democratic_Republic_of_the_Congo|NA|NA|Dengue_1|2016-06-14|2016.44931506849          0.00%    passed     99.86%
  36  MZ130547.1|Tanzania|NA|NA|Dengue_1|2020-01-31|2020.08219178082                                 14.41%    passed     77.32%
  37  MW946053.1|Bolivia|NA|NA|Dengue_1|2010-06-15|2010.45205479452                                   0.00%    passed     89.35%
  38  MW793698.1|Myanmar|Yangon|NA|Dengue_1|2019-06-15|2019.45205479452                               0.00%    passed     93.21%
  39  MW559397.1|Laos|Vientiane_Capital|NA|Dengue_1|2016-09-28|2016.7397260274                        0.00%    passed     92.48%
  40  MW369306.1|Myanmar|NA|NA|Dengue_1|2018-07-15|2018.53424657534                                   0.00%    passed     98.44%
  41  MW369303.1|Myanmar|NA|NA|Dengue_1|2018-07-15|2018.53424657534                                   0.00%    passed     88.77%
  42  MW377902.1|Brazil|Amapa|NA|Dengue_1|2014-07-07|2014.51232876712                                 0.00%    passed     95.03%
  43  MW411313.1|India|ANDHRA_PRADESH|TIRUPATI|Dengue_1|2017-07-08|2017.51506849315                   0.00%    passed     98.07%
  44  MW411597.1|India|ANDHRA_PRADESH|DALAVAYAPALLI|Dengue_1|2017-11-10|2017.85753424658              0.00%    passed     85.42%
  45  MW265678.1|Cambodia|Kampong_Cham|NA|Dengue_1|2015-09-28|2015.7397260274                         0.00%    passed     85.64%
  46  MT804540.1|China|Guangzhou|NA|Dengue_1|2017-07-11|2017.52328767123                              0.40%    passed     94.73%
  47  MT862891.1|Brazil|PB|NA|Dengue_1|2018-04-21|2018.30136986301                                    0.00%    passed     87.85%
  48  MT929529.1|Brazil|Goiania|NA|Dengue_1|2015-08-05|2015.59178082192                               0.00%    passed     94.63%
  49  MT929580.1|Brazil|Varzelandia|NA|Dengue_1|2017-05-08|2017.34794520548                           0.00%    passed     91.61%
  50  MT269038.1|Barbados|NA|NA|Dengue_1|2013-10-15|2013.78630136986                                  0.00%    passed     92.27%
  51  MT261955.1|Burkina_Faso|Ouagadougou|NA|Dengue_1|2017-12-12|2017.94520547945                    10.37%    passed     98.23%
  52  MN933761.1|China|NA|NA|Dengue_1|2018-08-20|2018.63287671233                                     0.40%    passed     95.22%
  53  MT076935.1|Kenya|Chulaimbo|NA|Dengue_1|2015-03-15|2015.2                                        0.00%    passed     94.80%
  54  MN449012.1|Ecuador|NA|NA|Dengue_1|2015-05-12|2015.35890410959                                   0.00%    passed     95.38%
  55  MN628187.1|Laos|NA|NA|Dengue_1|2012-06-15|2012.45205479452                                      0.00%    passed     81.76%
  56  MN628211.1|Laos|NA|NA|Dengue_1|2015-06-15|2015.45205479452                                      0.00%    passed     96.23%
  57  MN628231.1|Laos|NA|NA|Dengue_1|2016-06-15|2016.45205479452                                      0.00%    passed     97.77%
  58  MN448684.1|Thailand|NA|NA|Dengue_1|2012-06-25|2012.47945205479                                  0.00%    passed     98.12%
  59  MN448690.1|Thailand|NA|NA|Dengue_1|2012-09-11|2012.69315068493                                  0.00%    passed     95.38%
  60  MK603946.1|India|NA|NA|Dengue_1|2016-06-15|2016.45205479452                                     0.00%    passed     99.32%
  61  MK651219.1|Bhutan|Phuntsholing|NA|Dengue_1|2016-08-25|2016.64657534247                          0.00%    passed     96.36%
  62  MK780858.1|Thailand|NA|NA|Dengue_1|2016-11-15|2016.87123287671                                  0.00%    passed     88.67%
  63  MH807163.1|French_Polynesia|NA|NA|Dengue_1|2018-06-13|2018.44657534247                          0.00%    passed     92.98%
  64  MH879161.1|Panama|NA|NA|Dengue_1|2016-06-15|2016.45205479452                                   12.32%    passed     98.99%
  65  MH936426.1|Mexico|Puebla|NA|Dengue_1|2016-01-18|2016.04657534247                                0.40%    passed     97.86%
  66  MK039555.1|Puerto_Rico|NA|NA|Dengue_1|2013-06-15|2013.45205479452                               0.00%    passed     92.15%
  67  MH680348.1|Singapore|NA|NA|Dengue_1|2014-07-15|2014.53424657534                                 0.00%    passed     95.58%
  68  MH611858.2|Singapore|NA|NA|Dengue_1|2014-04-15|2014.28493150685                                 0.00%    passed     95.48%
  69  MH311982.1|Brazil|RJ|NA|Dengue_1|2012-06-15|2012.45205479452                                    0.00%    passed     89.35%
  70  MG957440.1|French_Polynesia|NA|NA|Dengue_1|2017-12-12|2017.94520547945                          0.00%    passed     99.01%
  71  MG894883.1|Taiwan|NA|NA|Dengue_1|2015-09-20|2015.71780821918                                    0.00%    passed     97.67%
  72  MG894970.1|Taiwan|NA|NA|Dengue_1|2016-12-29|2016.99178082192                                    0.00%    passed     93.61%
  73  MG877557.1|Gabon|NA|NA|Dengue_1|2012-06-15|2012.45205479452                                     0.00%    passed     99.13%
  74  MG564079.1|Thailand|NA|NA|Dengue_1|2015-09-09|2015.68767123288                                  0.00%    passed     91.89%
  75  LC774766.1|Japan|Tokyo|NA|Dengue_1|2016-07-15|2016.53424657534                                  0.00%    passed     93.61%
  76  LC774770.1|Japan|Tokyo|NA|Dengue_1|2016-09-15|2016.70410958904                                  0.00%    passed     97.42%
  77  LC707382.1|Gabon|Lambarene|NA|Dengue_1|2021-06-30|2021.49315068493                              0.00%    passed     99.23%
  78  LC775718.1|Japan|Tokyo|NA|Dengue_1|2022-11-15|2022.87123287671                                  0.00%    passed     94.55%
  79  KY882515.1|Mexico|NA|NA|Dengue_1|2013-06-15|2013.45205479452                                    0.00%    passed     98.57%
  80  KY971708.1|Viet_Nam|NA|NA|Dengue_1|2010-06-15|2010.45205479452                                  0.00%    passed     96.86%
  81  LC038144.1|Indonesia|NA|NA|Dengue_1|2014-05-23|2014.38904109589                                 0.00%    passed     98.01%
  82  LC148030.1|Maldives|NA|NA|Dengue_1|2011-06-15|2011.45205479452                                  0.00%    passed     94.45%
  83  KY818257.1|Puerto_Rico|NA|NA|Dengue_1|2012-06-15|2012.45205479452                               0.00%    passed     81.34%
  84  KY818070.1|Colombia|NA|NA|Dengue_1|2011-06-15|2011.45205479452                                  0.00%    passed     92.18%
  85  KY461747.1|Costa_Rica|NA|NA|Dengue_1|2013-06-15|2013.45205479452                                0.00%    passed     96.90%
  86  KX270807.1|China|NA|NA|Dengue_1|2011-07-18|2011.54246575342                                     1.41%    passed     81.91%
  87  KX357907.2|Myanmar|NA|NA|Dengue_1|2015-06-15|2015.45205479452                                   0.00%    passed     93.50%
  88  KU728187.1|Dominica|NA|NA|Dengue_1|2010-06-15|2010.45205479452                                  0.00%    passed     84.97%
  89  KU509258.1|Eritrea|NA|NA|Dengue_1|2010-06-15|2010.45205479452                                   0.00%    passed     96.83%
  90  KU509310.1|Sri_Lanka|NA|NA|Dengue_1|2013-06-15|2013.45205479452                                 0.00%    passed     98.57%
  91  KT824990.1|Papua_New_Guinea|NA|NA|Dengue_1|2012-06-15|2012.45205479452                          0.00%    passed     91.44%
  92  KT825026.1|Maldives|NA|NA|Dengue_1|2014-06-15|2014.45205479452                                  0.00%    passed     96.33%
  93  KT825048.1|Papua_New_Guinea|NA|NA|Dengue_1|2011-06-15|2011.45205479452                          0.00%    passed     95.16%
  94  KR919820.1|Brunei|NA|NA|Dengue_1|2014-06-15|2014.45205479452                                    0.00%    passed     43.30%
  95  KT175099.1|Philippines|NA|NA|Dengue_1|2014-06-15|2014.45205479452                               0.00%    passed     88.42%
  96  KR527487.1|India|NA|NA|Dengue_1|2013-06-15|2013.45205479452                                     0.00%    passed     79.03%
  97  KM279390.1|Fiji|NA|NA|Dengue_1|2014-06-15|2014.45205479452                                      0.00%    passed     98.40%
  98  KM279414.1|Mexico|NA|NA|Dengue_1|2011-06-15|2011.45205479452                                    0.00%    passed     92.99%
  99  KJ189366.1|Puerto_Rico|NA|NA|Dengue_1|2010-06-15|2010.45205479452                               0.00%    passed     83.52%
 100  KJ468234.1|Germany|NA|NA|Dengue_1|2013-06-15|2013.45205479452                                   0.00%    passed     94.95%
 101  KJ649286.1|Saudi_Arabia|NA|NA|Dengue_1|2011-12-31|2011.99726027397                              0.00%    passed     99.84%
 102  KJ189307.1|Mexico|NA|NA|Dengue_1|2011-06-15|2011.45205479452                                    0.00%    passed     94.21%
 103  KF444911.1|Puerto_Rico|NA|NA|Dengue_1|2012-06-15|2012.45205479452                               0.00%    passed     83.76%
 104  JX669462.1|Brazil|NA|NA|Dengue_1|2010-06-15|2010.45205479452                                    0.00%    passed     89.35%
 105  JX891661.1|El_Salvador|NA|NA|Dengue_1|2012-06-15|2012.45205479452                               0.00%    passed     96.06%
 106  JX298575.1|Kiribati|NA|NA|Dengue_1|2012-06-15|2012.45205479452                                  0.00%    passed     98.93%
 107  JF969280.1|Haiti|NA|NA|Dengue_1|2010-06-15|2010.45205479452                                     0.00%    passed     85.44%
 108  JN029814.1|China|NA|NA|Dengue_1|2010-06-15|2010.45205479452                                     0.00%    passed     94.80%
 109  JF967916.1|Viet_Nam|NA|NA|Dengue_1|2010-06-15|2010.45205479452                                  0.00%    passed     88.54%
 110  JF967914.1|Viet_Nam|NA|NA|Dengue_1|2010-06-15|2010.45205479452                                  0.00%    passed     92.99%
****  TOTAL                                                                                           0.79%  0 sequences failed composition chi2 test (p-value<5%; df=3)
NOTE: OK040059.1|Kenya|NA|NA|Dengue_1|2016-06-15|2016.45205479452 is identical to MZ857216.1|Eritrea|NA|NA|Dengue_1|2015-06-15|2015.45205479452 but kept for subsequent analysis
Checking for duplicate sequences: done in 0.000263929 secs using 79.57% CPU

Create initial parsimony tree by phylogenetic likelihood library (PLL)... 0.007 seconds

NOTE: 2 MB RAM (0 GB) is required!
Estimate model parameters (epsilon = 0.100)
1. Initial log-likelihood: -12516.677
2. Current log-likelihood: -11365.729
3. Current log-likelihood: -11075.792
4. Current log-likelihood: -11070.499
5. Current log-likelihood: -11069.502
6. Current log-likelihood: -11069.263
Optimal log-likelihood: -11069.197
Rate parameters:  A-C: 1.24446  A-G: 9.61821  A-T: 1.84033  C-G: 0.37067  C-T: 29.43801  G-T: 1.00000
Base frequencies:  A: 0.323  C: 0.203  G: 0.263  T: 0.211
Proportion of invariable sites: 0.567
Parameters optimization took 6 rounds (0.384 sec)
Wrote distance file to... 
Computing ML distances based on estimated model parameters...
Calculating distance matrix: done in 0.0144911 secs using 96.31% CPU
Computing ML distances took 0.014686 sec (of wall-clock time) 0.014133 sec (of CPU time)
OMP: Info #276: omp_set_nested routine deprecated, please use omp_set_max_active_levels instead.
Setting up auxiliary I and S matrices: done in 0.00037694 secs using 75.08% CPU
Constructing RapidNJ tree: done in 0.000577927 secs using 138.1% CPU
Computing RapidNJ tree took 0.000998 sec (of wall-clock time) 0.001102 sec (of CPU time)
OMP: Info #276: omp_set_nested routine deprecated, please use omp_set_max_active_levels instead.
Log-likelihood of RapidNJ tree: -11131.742
--------------------------------------------------------------------
|             INITIALIZING CANDIDATE TREE SET                      |
--------------------------------------------------------------------
Generating 98 parsimony trees... 0.728 second
Computing log-likelihood of 98 initial trees ... 0.611 seconds
Current best score: -11068.572

Do NNI search on 20 best initial trees
Optimizing NNI: done in 0.0689609 secs using 96.72% CPU
Estimate model parameters (epsilon = 0.100)
BETTER TREE FOUND at iteration 1: -11066.260
Optimizing NNI: done in 0.058604 secs using 97.76% CPU
Optimizing NNI: done in 0.059339 secs using 97.38% CPU
Optimizing NNI: done in 0.0675089 secs using 96.36% CPU
Optimizing NNI: done in 0.065788 secs using 97.54% CPU
Optimizing NNI: done in 0.0662751 secs using 95.78% CPU
Optimizing NNI: done in 0.0649469 secs using 95.2% CPU
Optimizing NNI: done in 0.059155 secs using 94.32% CPU
Optimizing NNI: done in 0.0692229 secs using 92.43% CPU
Optimizing NNI: done in 0.0589831 secs using 96.57% CPU
Iteration 10 / LogL: -11066.287 / Time: 0h:0m:2s
Optimizing NNI: done in 0.065769 secs using 95.85% CPU
Optimizing NNI: done in 0.0601919 secs using 94.51% CPU
Estimate model parameters (epsilon = 0.100)
BETTER TREE FOUND at iteration 12: -11065.845
Optimizing NNI: done in 0.0677428 secs using 95.74% CPU
Optimizing NNI: done in 0.0650039 secs using 96.54% CPU
Optimizing NNI: done in 0.063966 secs using 95.46% CPU
Optimizing NNI: done in 0.0625761 secs using 96.92% CPU
Optimizing NNI: done in 0.0602779 secs using 96.96% CPU
Optimizing NNI: done in 0.0615518 secs using 95.44% CPU
Optimizing NNI: done in 0.0650001 secs using 96.25% CPU
Optimizing NNI: done in 0.0611558 secs using 96.45% CPU
Iteration 20 / LogL: -11066.268 / Time: 0h:0m:3s
Finish initializing candidate tree set (5)
Current best tree score: -11065.845 / CPU time: 2.694
Number of iterations: 20
--------------------------------------------------------------------
|               OPTIMIZING CANDIDATE TREE SET                      |
--------------------------------------------------------------------
Optimizing NNI: done in 0.120723 secs using 94.75% CPU
Optimizing NNI: done in 0.119775 secs using 95.1% CPU
Optimizing NNI: done in 0.129632 secs using 96.8% CPU
Optimizing NNI: done in 0.158888 secs using 96.31% CPU
Optimizing NNI: done in 0.125513 secs using 96.7% CPU
Optimizing NNI: done in 0.151778 secs using 97.02% CPU
Optimizing NNI: done in 0.123954 secs using 96.69% CPU
Optimizing NNI: done in 0.14051 secs using 95.11% CPU
Optimizing NNI: done in 0.1377 secs using 97.66% CPU
Optimizing NNI: done in 0.125932 secs using 95.63% CPU
Iteration 30 / LogL: -11109.851 / Time: 0h:0m:4s (0h:0m:12s left)
Optimizing NNI: done in 0.108714 secs using 94.46% CPU
Optimizing NNI: done in 0.105636 secs using 94.68% CPU
Optimizing NNI: done in 0.124255 secs using 93.27% CPU
Optimizing NNI: done in 0.13117 secs using 96.19% CPU
Optimizing NNI: done in 0.126278 secs using 95.89% CPU
Optimizing NNI: done in 0.119896 secs using 94.47% CPU
Optimizing NNI: done in 0.154547 secs using 95.42% CPU
Optimizing NNI: done in 0.136769 secs using 96.58% CPU
Optimizing NNI: done in 0.128321 secs using 97.17% CPU
Optimizing NNI: done in 0.121068 secs using 97.56% CPU
Iteration 40 / LogL: -11065.929 / Time: 0h:0m:5s (0h:0m:10s left)
Optimizing NNI: done in 0.150916 secs using 97.12% CPU
Optimizing NNI: done in 0.139796 secs using 97.43% CPU
Optimizing NNI: done in 0.111411 secs using 97.82% CPU
Optimizing NNI: done in 0.108595 secs using 96.17% CPU
Optimizing NNI: done in 0.138334 secs using 94.5% CPU
Optimizing NNI: done in 0.119393 secs using 94.91% CPU
Optimizing NNI: done in 0.139882 secs using 92.99% CPU
Optimizing NNI: done in 0.189947 secs using 69.56% CPU
Optimizing NNI: done in 0.19345 secs using 85.85% CPU
Optimizing NNI: done in 0.139835 secs using 93.94% CPU
Iteration 50 / LogL: -11065.906 / Time: 0h:0m:7s (0h:0m:9s left)
Optimizing NNI: done in 0.137107 secs using 94.47% CPU
Optimizing NNI: done in 0.107005 secs using 94.83% CPU
Optimizing NNI: done in 0.148725 secs using 90.48% CPU
Optimizing NNI: done in 0.151909 secs using 91.74% CPU
Optimizing NNI: done in 0.142081 secs using 94.56% CPU
Optimizing NNI: done in 0.166422 secs using 94.85% CPU
Optimizing NNI: done in 0.139844 secs using 94.39% CPU
Optimizing NNI: done in 0.138592 secs using 98.81% CPU
Optimizing NNI: done in 0.124462 secs using 98.31% CPU
Optimizing NNI: done in 0.105264 secs using 97.86% CPU
Iteration 60 / LogL: -11065.889 / Time: 0h:0m:8s (0h:0m:7s left)
Optimizing NNI: done in 0.138209 secs using 96.76% CPU
Optimizing NNI: done in 0.117123 secs using 97.15% CPU
Optimizing NNI: done in 0.0836949 secs using 96.84% CPU
Optimizing NNI: done in 0.131228 secs using 97.76% CPU
Optimizing NNI: done in 0.108344 secs using 98.68% CPU
Optimizing NNI: done in 0.143123 secs using 94.35% CPU
Optimizing NNI: done in 0.158941 secs using 95.48% CPU
Optimizing NNI: done in 0.109352 secs using 97.9% CPU
Optimizing NNI: done in 0.118985 secs using 96.8% CPU
Optimizing NNI: done in 0.154044 secs using 94.79% CPU
Iteration 70 / LogL: -11065.887 / Time: 0h:0m:9s (0h:0m:6s left)
Optimizing NNI: done in 0.129858 secs using 92.13% CPU
Optimizing NNI: done in 0.142874 secs using 93.73% CPU
Optimizing NNI: done in 0.156618 secs using 94.86% CPU
Optimizing NNI: done in 0.1472 secs using 95.96% CPU
Optimizing NNI: done in 0.15279 secs using 94.27% CPU
Optimizing NNI: done in 0.15068 secs using 94.42% CPU
Optimizing NNI: done in 0.126622 secs using 94.17% CPU
Optimizing NNI: done in 0.110354 secs using 94.42% CPU
Optimizing NNI: done in 0.105394 secs using 99.9% CPU
Optimizing NNI: done in 0.116969 secs using 99.91% CPU
Iteration 80 / LogL: -11100.691 / Time: 0h:0m:11s (0h:0m:4s left)
Optimizing NNI: done in 0.117443 secs using 98.9% CPU
Optimizing NNI: done in 0.1245 secs using 96.48% CPU
Optimizing NNI: done in 0.134061 secs using 97.01% CPU
Optimizing NNI: done in 0.149831 secs using 98.28% CPU
Optimizing NNI: done in 0.106983 secs using 96.42% CPU
Optimizing NNI: done in 0.11674 secs using 96.77% CPU
Optimizing NNI: done in 0.141649 secs using 95.95% CPU
Optimizing NNI: done in 0.160671 secs using 95.47% CPU
Optimizing NNI: done in 0.126326 secs using 95.67% CPU
Optimizing NNI: done in 0.267359 secs using 63.26% CPU
Iteration 90 / LogL: -11066.025 / Time: 0h:0m:12s (0h:0m:3s left)
Optimizing NNI: done in 0.129831 secs using 92.03% CPU
Optimizing NNI: done in 0.189378 secs using 76.86% CPU
Optimizing NNI: done in 0.125917 secs using 95.31% CPU
Optimizing NNI: done in 0.136156 secs using 96.04% CPU
Optimizing NNI: done in 0.128063 secs using 96.33% CPU
Optimizing NNI: done in 0.122889 secs using 96.02% CPU
Optimizing NNI: done in 0.151941 secs using 96.79% CPU
Optimizing NNI: done in 0.150117 secs using 96.28% CPU
Optimizing NNI: done in 0.125491 secs using 96.37% CPU
Optimizing NNI: done in 0.111098 secs using 96.08% CPU
Iteration 100 / LogL: -11065.967 / Time: 0h:0m:14s (0h:0m:1s left)
Optimizing NNI: done in 0.109896 secs using 95.43% CPU
Optimizing NNI: done in 0.152853 secs using 94.81% CPU
Optimizing NNI: done in 0.138385 secs using 93.59% CPU
Optimizing NNI: done in 0.115066 secs using 92.82% CPU
Optimizing NNI: done in 0.127571 secs using 97.76% CPU
Optimizing NNI: done in 0.10107 secs using 99.84% CPU
Optimizing NNI: done in 0.107476 secs using 99.97% CPU
Optimizing NNI: done in 0.122391 secs using 99.98% CPU
Optimizing NNI: done in 0.0987248 secs using 99.99% CPU
Optimizing NNI: done in 0.109103 secs using 99.98% CPU
Iteration 110 / LogL: -11065.893 / Time: 0h:0m:15s (0h:0m:0s left)
Optimizing NNI: done in 0.105352 secs using 99.95% CPU
Optimizing NNI: done in 0.126314 secs using 99.03% CPU
Optimizing NNI: done in 0.110977 secs using 96.29% CPU
TREE SEARCH COMPLETED AFTER 113 ITERATIONS / Time: 0h:0m:15s

--------------------------------------------------------------------
|                    FINALIZING TREE SEARCH                        |
--------------------------------------------------------------------
Performs final model parameters optimization
Estimate model parameters (epsilon = 0.010)
1. Initial log-likelihood: -11065.845
Optimal log-likelihood: -11065.843
Rate parameters:  A-C: 1.23895  A-G: 9.61167  A-T: 1.82839  C-G: 0.36929  C-T: 29.43996  G-T: 1.00000
Base frequencies:  A: 0.323  C: 0.203  G: 0.263  T: 0.211
Proportion of invariable sites: 0.569
Parameters optimization took 1 rounds (0.023 sec)
BEST SCORE FOUND : -11065.843
Total tree length: 1.391

Total number of iterations: 113
CPU time used for tree search: 14.561 sec (0h:0m:14s)
Wall-clock time used for tree search: 15.304 sec (0h:0m:15s)
Total CPU time used: 15.041 sec (0h:0m:15s)
Total wall-clock time used: 15.793 sec (0h:0m:15s)

Analysis results written to: 
  IQ-TREE report:                results/subsampled_Dengue_1_cleaned.fasta.iqtree
  Maximum-likelihood tree:       results/subsampled_Dengue_1_cleaned.fasta.treefile
  Likelihood distances:          results/subsampled_Dengue_1_cleaned.fasta.mldist
  Screen log file:               results/subsampled_Dengue_1_cleaned.fasta.log

Date and Time: Tue Mar  5 12:08:05 2024
