augur refine is using TreeTime version 0.11.3

0.15	TreeTime.reroot: with method or node: least-squares

0.16	TreeTime.reroot: rerooting will ignore covariance and shared ancestry.

0.31	TreeTime.reroot: with method or node: least-squares

0.31	TreeTime.reroot: rerooting will ignore covariance and shared ancestry.
pruning leaf  KY670635.1|Taiwan|NA|NA|Dengue_4|2003-10-15|2003.78630136986
pruning leaf  KT750001.1|Philippines|NA|NA|Dengue_4|2012-06-15|2012.45205479452
pruning leaf  KT749991.1|Philippines|NA|NA|Dengue_4|2005-06-15|2005.45205479452
pruning leaf  MG895324.1|Taiwan|NA|NA|Dengue_4|2012-12-09|2012.93698630137
pruning leaf  KJ946244.1|Philippines|NA|NA|Dengue_4|2008-06-15|2008.45205479452
pruning leaf  HM237349.1|India|Hyderabad|NA|Dengue_4|2007-06-15|2007.45205479452
pruning leaf  MK858146.2|India|NA|NA|Dengue_4|2016-07-03|2016.50136986301
pruning leaf  MH594951.1|India|NA|NA|Dengue_4|2014-06-15|2014.45205479452
pruning leaf  MH010604.1|China|NA|NA|Dengue_4|2017-11-11|2017.8602739726
pruning leaf  MZ310560.1|India|NA|NA|Dengue_4|2018-11-29|2018.9095890411
pruning leaf  OP411000.1|Singapore|NA|NA|Dengue_4|2017-10-15|2017.78630136986
pruning leaf  OP809590.1|India|NA|NA|Dengue_4|2021-06-15|2021.45205479452

1.34	TreeTime.reroot: with method or node: least-squares

1.34	TreeTime.reroot: rerooting will account for covariance and shared ancestry.

2.09	###TreeTime.run: INITIAL ROUND

5.17	TreeTime.reroot: with method or node: least-squares

5.17	TreeTime.reroot: rerooting will account for covariance and shared ancestry.

5.30	###TreeTime.run: rerunning timetree after rerooting

8.77	###TreeTime.run: ITERATION 1 out of 2 iterations

9.11	DEPRECATION WARNING. TreeTime.resolve_polytomies: You are resolving
    	polytomies using the old 'greedy' mode. This is not well suited for large
    	polytomies. Stochastic resolution will become the default in future
    	versions. To switch now, rerun with the flag `--stochastic-resolve`. To
    	keep using the greedy method in the future, run with `--greedy-resolve`

13.46	###TreeTime.run: ITERATION 2 out of 2 iterations

28.97	###TreeTime.run: FINAL ROUND - confidence estimation via marginal
     	reconstruction

Inferred a time resolved phylogeny using TreeTime:
	Sagulenko et al. TreeTime: Maximum-likelihood phylodynamic analysis
	Virus Evolution, vol 4, https://academic.oup.com/ve/article/4/1/vex042/4794731

updated tree written to results/timetrees/timetree_Dengue_4.tree
node attributes written to results/timetrees/Dengue_4_branch_lengths.json
