IQ-TREE multicore version 2.2.6 COVID-edition for Mac OS X 64-bit built Dec  8 2023
Developed by Bui Quang Minh, James Barbetti, Nguyen Lam Tung,
Olga Chernomor, Heiko Schmidt, Dominik Schrempf, Michael Woodhams, Ly Trong Nhan.

Host:    BIO-M-LT-03039.local (SSE4.2, 8 GB RAM)
Command: iqtree2 -s results/subsampled_Dengue_1/subsampled_Dengue_1_cleaned.fasta -m HKY+F+I -pre results/subsampled_Dengue_1_ml_tree/subsampled_Dengue_1_cleaned -redo
Seed:    866098 (Using SPRNG - Scalable Parallel Random Number Generator)
Time:    Mon Jun  3 13:52:48 2024
Kernel:  SSE2 - 1 threads (8 CPU cores detected)

HINT: Use -nt option to specify number of threads because your CPU has 8 cores!
HINT: -nt AUTO will automatically determine the best number of threads to use.

Reading alignment file results/subsampled_Dengue_1/subsampled_Dengue_1_cleaned.fasta ... Fasta format detected
Reading fasta file: done in 0.00531483 secs using 80.79% CPU
Alignment most likely contains DNA/RNA sequences
Constructing alignment: done in 0.00243092 secs using 79.6% CPU
Alignment has 200 sequences with 1485 columns, 571 distinct patterns
415 parsimony-informative, 145 singleton sites, 925 constant sites
                                                                                                                      Gap/Ambiguity  Composition  p-value
Analyzing sequences: done in 0.000134945 secs using 92.63% CPU
   1  PP269726.1|Viet_Nam|NA|NA|Dengue_1|2015-11-27|2015.90410958904                                                          0.00%    passed     99.82%
   2  PP269731.1|Viet_Nam|NA|NA|Dengue_1|2015-12-16|2015.95616438356                                                          0.00%    passed     99.93%
   3  PP269725.1|Viet_Nam|NA|NA|Dengue_1|2015-11-11|2015.8602739726                                                           0.00%    passed     99.84%
   4  PP269750.1|Viet_Nam|NA|NA|Dengue_1|2016-12-14|2016.95068493151                                                          0.00%    passed     99.32%
   5  PP269785.1|Viet_Nam|NA|NA|Dengue_1|2017-06-28|2017.48767123288                                                          0.00%    passed     99.01%
   6  PP269812.1|Viet_Nam|NA|NA|Dengue_1|2018-01-10|2018.02465753425                                                          0.00%    passed     99.65%
   7  PP269799.1|Viet_Nam|NA|NA|Dengue_1|2017-08-22|2017.63835616438                                                          0.00%    passed    100.00%
   8  PP087792.1|Taiwan|Yunlin|NA|Dengue_1|2023-06-15|2023.45205479452                                                        0.07%    passed     94.47%
   9  PP234952.1|Philippines|NA|NA|Dengue_1|2019-07-01|2019.49589041096                                                       0.00%    passed     58.93%
  10  PP269458.1|Viet_Nam|NA|NA|Dengue_1|2011-05-24|2011.39178082192                                                          0.07%    passed     99.51%
  11  PP269473.1|Viet_Nam|NA|NA|Dengue_1|2012-08-07|2012.59726027397                                                          0.00%    passed     99.94%
  12  PP269518.1|Viet_Nam|NA|NA|Dengue_1|2011-07-29|2011.57260273973                                                          0.00%    passed     99.16%
  13  PP269507.1|Viet_Nam|NA|NA|Dengue_1|2011-06-09|2011.43561643836                                                          0.00%    passed     99.77%
  14  PP269513.1|Viet_Nam|NA|NA|Dengue_1|2011-12-23|2011.97534246575                                                          0.00%    passed     97.85%
  15  PP269519.1|Viet_Nam|NA|NA|Dengue_1|2011-11-09|2011.85479452055                                                          0.07%    passed     98.61%
  16  PP269523.1|Viet_Nam|NA|NA|Dengue_1|2012-07-11|2012.52328767123                                                          0.00%    passed     99.94%
  17  PP269534.1|Viet_Nam|NA|NA|Dengue_1|2013-07-22|2013.55342465753                                                          0.00%    passed     99.39%
  18  PP269551.1|Viet_Nam|NA|NA|Dengue_1|2013-01-08|2013.01917808219                                                          0.00%    passed     98.95%
  19  PP269557.1|Viet_Nam|NA|NA|Dengue_1|2013-10-11|2013.77534246575                                                         15.56%    passed     98.79%
  20  PP269577.1|Viet_Nam|NA|NA|Dengue_1|2014-11-14|2014.86849315069                                                          0.00%    passed     99.93%
  21  PP269603.1|Viet_Nam|NA|NA|Dengue_1|2013-10-07|2013.76438356164                                                          0.00%    passed     99.93%
  22  PP269614.1|Viet_Nam|NA|NA|Dengue_1|2015-08-10|2015.60547945205                                                          0.00%    passed     98.56%
  23  PP269646.1|Viet_Nam|NA|NA|Dengue_1|2014-07-18|2014.54246575342                                                          0.00%    passed     99.93%
  24  PP269645.1|Viet_Nam|NA|NA|Dengue_1|2013-12-02|2013.91780821918                                                          0.00%    passed     99.85%
  25  PP269637.1|Viet_Nam|NA|NA|Dengue_1|2013-12-05|2013.92602739726                                                          0.00%    passed     97.74%
  26  PP269632.1|Viet_Nam|NA|NA|Dengue_1|2015-01-28|2015.07397260274                                                          0.00%    passed     99.91%
  27  PP269659.1|Viet_Nam|NA|NA|Dengue_1|2014-11-24|2014.89589041096                                                          0.00%    passed    100.00%
  28  PP269657.1|Viet_Nam|NA|NA|Dengue_1|2014-10-29|2014.82465753425                                                          0.00%    passed     99.65%
  29  PP269667.1|Viet_Nam|NA|NA|Dengue_1|2014-10-01|2014.74794520548                                                          0.00%    passed    100.00%
  30  PP269674.1|Viet_Nam|NA|NA|Dengue_1|2012-09-12|2012.69589041096                                                          0.00%    passed     99.51%
  31  PP269682.1|Viet_Nam|NA|NA|Dengue_1|2014-09-12|2014.69589041096                                                          0.00%    passed     99.85%
  32  PP269683.1|Viet_Nam|NA|NA|Dengue_1|2014-10-08|2014.76712328767                                                          0.00%    passed     99.99%
  33  PP269702.1|Viet_Nam|NA|NA|Dengue_1|2020-09-09|2020.68767123288                                                          0.00%    passed     99.35%
  34  PP269704.1|Viet_Nam|NA|NA|Dengue_1|2020-11-30|2020.91232876712                                                          0.00%    passed     97.92%
  35  PP269691.1|Viet_Nam|NA|NA|Dengue_1|2019-06-12|2019.44383561644                                                          0.00%    passed     99.61%
  36  PP269703.1|Viet_Nam|NA|NA|Dengue_1|2020-11-09|2020.85479452055                                                          0.00%    passed     99.67%
  37  PP269706.1|Viet_Nam|NA|NA|Dengue_1|2022-06-06|2022.42739726027                                                          0.00%    passed     98.90%
  38  PP269719.1|Viet_Nam|NA|NA|Dengue_1|2015-07-21|2015.55068493151                                                          0.00%    passed     99.25%
  39  OQ832609.1|Viet_Nam|NA|NA|Dengue_1|2019-11-15|2019.87123287671                                                          0.00%    passed     99.82%
  40  OQ832563.1|Viet_Nam|Phu_Tho|NA|Dengue_1|2020-09-15|2020.70410958904                                                     0.00%    passed     98.85%
  41  OQ832570.1|Viet_Nam|Hanoi|NA|Dengue_1|2020-09-15|2020.70410958904                                                       0.00%    passed     99.67%
  42  OQ832614.1|Viet_Nam|Hanoi|NA|Dengue_1|2020-09-15|2020.70410958904                                                       0.00%    passed     99.82%
  43  OQ678244.1|Cambodia|NA|NA|Dengue_1|2018-08-21|2018.63561643836                                                          0.00%    passed     99.08%
  44  OQ579278.1|Philippines|NA|NA|Dengue_1|2017-02-15|2017.12328767123                                                       0.00%    passed     55.55%
  45  OQ426729.1|Viet_Nam|Nha_Trang|NA|Dengue_1|2018-11-07|2018.84931506849                                                   0.00%    passed     99.39%
  46  OQ426730.1|Viet_Nam|Nha_Trang|NA|Dengue_1|2018-11-09|2018.85479452055                                                   0.00%    passed     99.39%
  47  OQ426739.1|Viet_Nam|Nha_Trang|NA|Dengue_1|2018-11-30|2018.91232876712                                                   0.00%    passed     99.24%
  48  OQ521591.1|Viet_Nam|NA|NA|Dengue_1|2022-04-15|2022.28493150685                                                          0.00%    passed    100.00%
  49  OQ521598.1|Viet_Nam|NA|NA|Dengue_1|2022-05-15|2022.36712328767                                                          0.00%    passed     98.54%
  50  OQ521607.1|Viet_Nam|NA|NA|Dengue_1|2022-05-15|2022.36712328767                                                          0.00%    passed     99.42%
  51  OQ521612.1|Viet_Nam|NA|NA|Dengue_1|2022-06-15|2022.45205479452                                                          0.00%    passed     99.24%
  52  OQ426750.1|Viet_Nam|Nha_Trang|NA|Dengue_1|2018-11-19|2018.88219178082                                                   0.00%    passed     99.93%
  53  OQ521622.1|Viet_Nam|NA|NA|Dengue_1|2022-06-15|2022.45205479452                                                          0.00%    passed     99.94%
  54  OQ426600.1|Viet_Nam|Nha_Trang|NA|Dengue_1|2019-01-08|2019.01917808219                                                   0.00%    passed     99.39%
  55  OQ426620.1|Viet_Nam|Nha_Trang|NA|Dengue_1|2018-12-19|2018.96438356164                                                   0.00%    passed     99.39%
  56  OQ426625.1|Viet_Nam|Nha_Trang|NA|Dengue_1|2019-01-09|2019.02191780822                                                   0.00%    passed     99.84%
  57  OQ426626.1|Viet_Nam|Nha_Trang|NA|Dengue_1|2019-01-10|2019.02465753425                                                   0.00%    passed     99.39%
  58  OQ426634.1|Viet_Nam|Nha_Trang|NA|Dengue_1|2019-01-21|2019.05479452055                                                   0.00%    passed     99.85%
  59  OQ426635.1|Viet_Nam|Nha_Trang|NA|Dengue_1|2019-02-25|2019.15068493151                                                   0.00%    passed     99.85%
  60  OQ426644.1|Viet_Nam|Nha_Trang|NA|Dengue_1|2019-04-25|2019.31232876712                                                   0.00%    passed     99.73%
  61  OQ426637.1|Viet_Nam|Nha_Trang|NA|Dengue_1|2019-02-28|2019.15890410959                                                   0.00%    passed     99.39%
  62  OQ426654.1|Viet_Nam|Nha_Trang|NA|Dengue_1|2017-08-14|2017.61643835616                                                   0.00%    passed     99.65%
  63  OQ426672.1|Viet_Nam|Nha_Trang|NA|Dengue_1|2017-05-30|2017.40821917808                                                   0.00%    passed     99.48%
  64  OQ426682.1|Viet_Nam|Nha_Trang|NA|Dengue_1|2018-09-25|2018.73150684932                                                   0.00%    passed     99.24%
  65  OQ426683.1|Viet_Nam|Nha_Trang|NA|Dengue_1|2018-09-27|2018.73698630137                                                   0.00%    passed     99.63%
  66  OQ426696.1|Viet_Nam|Nha_Trang|NA|Dengue_1|2017-04-24|2017.3095890411                                                    0.00%    passed     99.18%
  67  OQ426719.1|Viet_Nam|Nha_Trang|NA|Dengue_1|2018-11-19|2018.88219178082                                                   0.00%    passed     98.76%
  68  OP410988.1|Singapore|NA|NA|Dengue_1|2019-05-15|2019.36712328767                                                         0.00%    passed     94.12%
  69  OP895913.1|Malaysia|NA|NA|Dengue_1|2017-01-15|2017.03835616438                                                          0.00%    passed     89.72%
  70  ON908216.1|Philippines|NA|NA|Dengue_1|2019-08-26|2019.64931506849                                                       0.00%    passed     86.28%
  71  ON908220.1|India|NA|NA|Dengue_1|2019-10-18|2019.79452054795                                                             0.00%    passed     95.89%
  72  OP090345.1|Viet_Nam|NA|NA|Dengue_1|2020-10-31|2020.8301369863                                                           0.00%    passed     99.32%
  73  OP090346.1|Viet_Nam|NA|NA|Dengue_1|2021-01-29|2021.07671232877                                                          0.00%    passed     98.39%
  74  OP090347.1|Viet_Nam|NA|NA|Dengue_1|2021-03-25|2021.22739726027                                                          0.00%    passed     99.65%
  75  OP090350.1|Viet_Nam|NA|NA|Dengue_1|2022-06-01|2022.41369863014                                                          0.00%    passed     99.35%
  76  OP090348.1|Viet_Nam|NA|NA|Dengue_1|2021-05-07|2021.34520547945                                                          0.00%    passed     99.05%
  77  ON123654.1|India|NA|NA|Dengue_1|2020-06-15|2020.45205479452                                                             0.34%    passed     96.04%
  78  ON109597.1|India|NA|NA|Dengue_1|2021-06-15|2021.45205479452                                                             0.00%    passed     94.49%
  79  ON123657.1|India|NA|NA|Dengue_1|2019-06-15|2019.45205479452                                                             0.00%    passed     80.39%
  80  OK159960.1|Cambodia|NA|NA|Dengue_1|2020-02-15|2020.12328767123                                                          0.00%    passed     99.92%
  81  OK180518.1|Indonesia|Yogyakarta|NA|Dengue_1|2016-12-27|2016.98630136986                                                 0.00%    passed     96.12%
  82  OK631781.1|Indonesia|Jambi|NA|Dengue_1|2016-11-07|2016.84931506849                                                      0.00%    passed     99.26%
  83  MZ618994.1|Thailand|Bangkok|NA|Dengue_1|2020-02-05|2020.09589041096                                                     0.00%    passed     99.77%
  84  MZ857223.1|Indonesia|NA|NA|Dengue_1|2006-06-15|2006.45205479452                                                         0.00%    passed     99.09%
  85  MZ268205.1|India|NA|NA|Dengue_1|2018-09-28|2018.7397260274                                                              0.00%    passed     83.25%
  86  MW946170.1|Thailand|NA|NA|Dengue_1|2002-06-15|2002.45205479452                                                          0.00%    passed     99.38%
  87  MW946240.1|Thailand|NA|NA|Dengue_1|2013-06-15|2013.45205479452                                                          0.00%    passed     99.81%
  88  MW945869.1|Thailand|NA|NA|Dengue_1|2000-06-15|2000.45205479452                                                          0.00%    passed     99.83%
  89  MW559407.1|Laos|Vientiane_Capital|NA|Dengue_1|2019-07-23|2019.55616438356                                               0.00%    passed     99.95%
  90  MW559419.1|Laos|Vientiane_Capital|NA|Dengue_1|2020-09-21|2020.72054794521                                               0.00%    passed     97.65%
  91  MW302864.1|Myanmar|NA|NA|Dengue_1|2014-09-15|2014.70410958904                                                           0.00%    passed     96.51%
  92  MW369320.1|Myanmar|NA|NA|Dengue_1|2018-07-15|2018.53424657534                                                           3.84%    passed     86.82%
  93  MW411596.1|India|ANDHRA_PRADESH|CHIMMADU|Dengue_1|2017-11-10|2017.85753424658                                           0.00%    passed     66.39%
  94  MW265667.1|Cambodia|Seam_Reap|NA|Dengue_1|2016-02-09|2016.10684931507                                                   0.00%    passed     95.64%
  95  MW265677.1|Cambodia|Battambong|NA|Dengue_1|2015-06-19|2015.46301369863                                                  0.07%    passed     98.02%
  96  MW265666.1|Cambodia|Kampong_Cham|NA|Dengue_1|2016-08-22|2016.63835616438                                                0.00%    passed     98.66%
  97  MW302768.1|Myanmar|NA|NA|Dengue_1|2015-07-15|2015.53424657534                                                           0.00%    passed     99.61%
  98  MW302802.1|Myanmar|NA|NA|Dengue_1|2015-07-15|2015.53424657534                                                           0.00%    passed    100.00%
  99  MW302844.1|Myanmar|NA|NA|Dengue_1|2014-09-15|2014.70410958904                                                           0.00%    passed     96.93%
 100  MT524492.1|Thailand|NA|NA|Dengue_1|2016-06-15|2016.45205479452                                                          0.40%    passed     97.34%
 101  MN955630.1|Thailand|NA|NA|Dengue_1|2018-05-15|2018.36712328767                                                          0.00%    passed     99.85%
 102  MN628182.1|Laos|NA|NA|Dengue_1|2010-06-15|2010.45205479452                                                              0.00%    passed     99.00%
 103  MN628190.1|Laos|NA|NA|Dengue_1|2014-06-15|2014.45205479452                                                              0.00%    passed     99.81%
 104  MN628192.1|Laos|NA|NA|Dengue_1|2010-06-15|2010.45205479452                                                              0.00%    passed     99.24%
 105  MN448631.1|Thailand|NA|NA|Dengue_1|2009-11-09|2009.85479452055                                                          0.00%    passed     98.48%
 106  MK780858.1|Thailand|NA|NA|Dengue_1|2016-11-15|2016.87123287671                                                          0.00%    passed     98.35%
 107  MH612121.2|Singapore|NA|NA|Dengue_1|2014-05-15|2014.36712328767                                                         0.00%    passed     84.20%
 108  MG894890.1|Taiwan|NA|NA|Dengue_1|2015-09-19|2015.71506849315                                                            0.00%    passed     99.99%
 109  MG894741.1|Taiwan|NA|NA|Dengue_1|2013-02-11|2013.11232876712                                                            0.00%    passed     89.69%
 110  MG894777.1|Taiwan|NA|NA|Dengue_1|2013-08-31|2013.66301369863                                                            0.00%    passed     96.93%
 111  MG894785.1|Taiwan|NA|NA|Dengue_1|2013-11-11|2013.8602739726                                                             0.00%    passed     99.78%
 112  MG696654.1|Myanmar|Burma|NA|Dengue_1|2017-11-15|2017.87123287671                                                        0.00%    passed     99.99%
 113  MF094207.1|Philippines|NA|NA|Dengue_1|2001-06-15|2001.45205479452                                                       0.00%    passed     86.28%
 114  MF094239.1|Philippines|NA|NA|Dengue_1|2006-06-15|2006.45205479452                                                       0.00%    passed     70.34%
 115  MF094238.1|Philippines|NA|NA|Dengue_1|2005-06-15|2005.45205479452                                                       0.00%    passed     73.87%
 116  LC553204.1|Philippines|Tarlac_Province|NA|Dengue_1|2015-08-15|2015.61917808219                                          0.00%    passed     90.03%
 117  KY882520.1|Malaysia|NA|NA|Dengue_1|2011-06-15|2011.45205479452                                                          0.00%    passed     99.91%
 118  KY971685.1|Viet_Nam|NA|NA|Dengue_1|2004-06-15|2004.45205479452                                                          0.00%    passed     99.58%
 119  KY971711.1|Viet_Nam|NA|NA|Dengue_1|2010-06-15|2010.45205479452                                                          0.00%    passed     97.72%
 120  KY971706.1|Viet_Nam|NA|NA|Dengue_1|2010-06-15|2010.45205479452                                                          0.00%    passed     99.75%
 121  KY709128.1|Philippines|NA|NA|Dengue_1|2010-11-06|2010.84657534247                                                       0.00%    passed     73.57%
 122  KY818090.1|Indonesia|NA|NA|Dengue_1|2013-06-15|2013.45205479452                                                         0.00%    passed     81.63%
 123  KY818091.1|Indonesia|NA|NA|Dengue_1|2013-06-15|2013.45205479452                                                         0.00%    passed     96.28%
 124  KY818123.1|Philippines|NA|NA|Dengue_1|2013-06-15|2013.45205479452                                                       0.00%    passed     87.74%
 125  KY818154.1|Thailand|NA|NA|Dengue_1|2012-06-15|2012.45205479452                                                          0.00%    passed     99.61%
 126  KY818204.1|Philippines|NA|NA|Dengue_1|2012-06-15|2012.45205479452                                                       0.00%    passed     86.10%
 127  KY038885.1|China|Yunnan_Province|NA|Dengue_1|2013-06-15|2013.45205479452                                                0.00%    passed     99.76%
 128  KU166894.1|India|NA|NA|Dengue_1|2013-06-15|2013.45205479452                                                            30.91%    passed     87.46%
 129  KU509260.1|Cambodia|NA|NA|Dengue_1|2008-06-15|2008.45205479452                                                          0.00%    passed     99.77%
 130  KU509263.1|Thailand|NA|NA|Dengue_1|2012-06-15|2012.45205479452                                                          0.00%    passed     96.75%
 131  KT825038.1|Malaysia|NA|NA|Dengue_1|2015-06-15|2015.45205479452                                                          0.00%    passed     99.91%
 132  KT175099.1|Philippines|NA|NA|Dengue_1|2014-06-15|2014.45205479452                                                       0.00%    passed     73.51%
 133  KT175102.1|Myanmar|NA|NA|Dengue_1|2007-06-15|2007.45205479452                                                           0.00%    passed     98.28%
 134  KT175103.1|Myanmar|NA|NA|Dengue_1|2011-06-15|2011.45205479452                                                           0.00%    passed     97.32%
 135  KT204444.1|Indonesia|Surabaya|NA|Dengue_1|2012-06-15|2012.45205479452                                                   0.00%    passed     91.51%
 136  KR051914.1|Myanmar|NA|NA|Dengue_1|2013-06-15|2013.45205479452                                                           0.00%    passed     96.93%
 137  KJ806852.1|Malaysia|NA|NA|Dengue_1|2013-06-15|2013.45205479452                                                          0.20%    passed     99.05%
 138  KJ806933.1|Singapore|NA|NA|Dengue_1|2005-06-15|2005.45205479452                                                         0.00%    passed     99.08%
 139  KF926700.1|Laos|NA|NA|Dengue_1|2011-08-15|2011.61917808219                                                              0.00%    passed     99.65%
 140  KC182097.1|Laos|Vientiane|NA|Dengue_1|2007-07-13|2007.52876712329                                                       0.00%    passed     96.49%
 141  KC182098.1|Laos|Vientiane|NA|Dengue_1|2007-08-01|2007.58082191781                                                       0.00%    passed     97.66%
 142  KC182101.1|Laos|Vientiane|NA|Dengue_1|2007-09-01|2007.66575342466                                                       0.00%    passed     99.46%
 143  KC182107.1|Laos|Vientiane|NA|Dengue_1|2008-08-18|2008.62739726027                                                       0.00%    passed     98.71%
 144  KC762634.1|Indonesia|Makassar|NA|Dengue_1|2008-04-10|2008.27123287671                                                   0.00%    passed     99.65%
 145  KC762635.1|Indonesia|Makassar|NA|Dengue_1|2007-10-03|2007.75342465753                                                   0.00%    passed     99.33%
 146  KC861923.1|Viet_Nam|NA|NA|Dengue_1|2004-06-15|2004.45205479452                                                          0.00%    passed     93.49%
 147  KC861946.1|Viet_Nam|NA|NA|Dengue_1|2009-06-15|2009.45205479452                                                          0.00%    passed     89.85%
 148  KC861949.1|Viet_Nam|NA|NA|Dengue_1|2009-06-15|2009.45205479452                                                          0.00%    passed     98.26%
 149  KC861979.1|Viet_Nam|NA|NA|Dengue_1|2002-06-15|2002.45205479452                                                          0.00%    passed     99.19%
 150  KC863940.1|India|NA|NA|Dengue_1|2010-06-15|2010.45205479452                                                             0.00%    passed     88.57%
 151  JX446304.1|Viet_Nam|NA|NA|Dengue_1|2009-06-15|2009.45205479452                                                          0.00%    passed     99.49%
 152  JX569840.1|Viet_Nam|NA|NA|Dengue_1|2009-06-15|2009.45205479452                                                          0.00%    passed     99.81%
 153  JX569842.1|Viet_Nam|NA|NA|Dengue_1|2009-06-15|2009.45205479452                                                          0.00%    passed     99.95%
 154  JQ993170.1|Thailand|NA|NA|Dengue_1|2006-06-15|2006.45205479452                                                          0.00%    passed     99.95%
 155  JN903581.1|India|NA|NA|Dengue_1|2009-04-06|2009.2602739726                                                              0.00%    passed     85.93%
 156  JN903579.1|India|NA|NA|Dengue_1|2008-10-23|2008.80821917808                                                             0.00%    passed     85.93%
 157  JN903578.1|India|NA|NA|Dengue_1|2007-07-26|2007.56438356164                                                             0.00%    passed     83.49%
 158  JQ002658.1|China|NA|NA|Dengue_1|2001-06-15|2001.45205479452                                                             0.40%    passed     99.30%
 159  JQ277844.1|China|NA|NA|Dengue_1|2003-06-15|2003.45205479452                                                             0.40%    passed     81.24%
 160  JQ277846.1|China|NA|NA|Dengue_1|2005-06-15|2005.45205479452                                                             0.40%    passed     98.39%
 161  JQ277856.1|China|NA|NA|Dengue_1|2006-06-15|2006.45205479452                                                             0.40%    passed     98.78%
 162  JQ277882.1|China|NA|NA|Dengue_1|2008-06-15|2008.45205479452                                                             0.40%    passed     97.46%
 163  JQ403516.1|Taiwan|NA|NA|Dengue_1|2008-06-15|2008.45205479452                                                            0.00%    passed     95.86%
 164  JQ403519.1|Taiwan|NA|NA|Dengue_1|2009-06-15|2009.45205479452                                                            0.00%    passed     99.79%
 165  JN376778.1|Viet_Nam|Mekong_Delta|NA|Dengue_1|2002-06-15|2002.45205479452                                                0.00%    passed     97.72%
 166  JN376779.1|Viet_Nam|Mekong_Delta|NA|Dengue_1|2003-06-15|2003.45205479452                                                0.00%    passed     99.88%
 167  JN415507.1|India|NA|NA|Dengue_1|2008-06-15|2008.45205479452                                                             0.00%    passed     86.96%
 168  JF967847.1|Malaysia|NA|NA|Dengue_1|2008-06-15|2008.45205479452                                                          0.00%    passed     99.50%
 169  JF967839.1|Malaysia|NA|NA|Dengue_1|2008-06-15|2008.45205479452                                                          0.00%    passed     99.78%
 170  JF967917.1|Singapore|NA|NA|Dengue_1|2010-06-15|2010.45205479452                                                         0.00%    passed     99.99%
 171  JF967937.1|Philippines|NA|NA|Dengue_1|2010-06-15|2010.45205479452                                                       0.00%    passed     73.57%
 172  JF967935.1|Malaysia|NA|NA|Dengue_1|2010-06-15|2010.45205479452                                                          0.00%    passed     65.47%
 173  HQ591554.1|Viet_Nam|NA|NA|Dengue_1|2008-09-25|2008.73150684932                                                          0.07%    passed     92.70%
 174  JF269181.1|Viet_Nam|NA|NA|Dengue_1|2009-01-11|2009.02739726027                                                          0.00%    passed     99.81%
 175  JF297583.1|India|NA|NA|Dengue_1|2005-06-15|2005.45205479452                                                             0.00%    passed     77.14%
 176  JF459993.1|Myanmar|NA|NA|Dengue_1|2002-06-15|2002.45205479452                                                           0.00%    passed     78.20%
 177  HQ149732.1|China|Guangzhou|NA|Dengue_1|2009-06-15|2009.45205479452                                                      0.00%    passed     87.59%
 178  GQ868602.1|Philippines|NA|NA|Dengue_1|2004-06-15|2004.45205479452                                                       0.00%    passed     89.25%
 179  GQ868610.1|Viet_Nam|South|NA|Dengue_1|2007-06-15|2007.45205479452                                                       0.00%    passed     93.26%
 180  GQ868637.1|Cambodia|TAK|NA|Dengue_1|2000-06-15|2000.45205479452                                                         0.00%    passed     99.94%
 181  GU131736.1|Viet_Nam|South|NA|Dengue_1|2008-06-15|2008.45205479452                                                       0.00%    passed     96.35%
 182  GU131895.1|Cambodia|TAK|NA|Dengue_1|2009-06-15|2009.45205479452                                                         0.00%    passed     97.72%
 183  GQ199833.1|Viet_Nam|South|NA|Dengue_1|2004-06-15|2004.45205479452                                                       0.00%    passed     98.95%
 184  GQ199836.1|Viet_Nam|South|NA|Dengue_1|2005-06-15|2005.45205479452                                                       0.00%    passed     98.58%
 185  GQ199839.1|Viet_Nam|South|NA|Dengue_1|2006-06-15|2006.45205479452                                                       0.00%    passed     99.59%
 186  GQ199838.1|Viet_Nam|South|NA|Dengue_1|2005-06-15|2005.45205479452                                                       0.00%    passed     97.74%
 187  FJ882567.1|Viet_Nam|South|NA|Dengue_1|2003-06-15|2003.45205479452                                                       0.00%    passed     98.58%
 188  FJ898388.1|Viet_Nam|South|NA|Dengue_1|2005-06-15|2005.45205479452                                                       0.00%    passed     90.30%
 189  FJ898394.1|Viet_Nam|South|NA|Dengue_1|2005-06-15|2005.45205479452                                                       0.00%    passed     97.83%
 190  FJ898395.1|Viet_Nam|South|NA|Dengue_1|2005-06-15|2005.45205479452                                                       0.00%    passed     99.47%
 191  GQ199831.1|Viet_Nam|South|NA|Dengue_1|2003-06-15|2003.45205479452                                                       0.00%    passed     98.58%
 192  FJ639685.1|Cambodia|BTB|NA|Dengue_1|2005-06-15|2005.45205479452                                                         0.00%    passed     95.86%
 193  FJ410261.1|Viet_Nam|South|NA|Dengue_1|2008-06-15|2008.45205479452                                                       0.00%    passed     99.05%
 194  FJ432735.1|Viet_Nam|South|NA|Dengue_1|2007-06-15|2007.45205479452                                                       0.00%    passed     86.39%
 195  FJ182018.1|Viet_Nam|South|NA|Dengue_1|2006-06-15|2006.45205479452                                                       0.00%    passed     98.59%
 196  FJ182019.1|Viet_Nam|South|NA|Dengue_1|2007-06-15|2007.45205479452                                                       0.00%    passed     99.58%
 197  EU660401.1|Viet_Nam|South|NA|Dengue_1|2006-06-15|2006.45205479452                                                       0.00%    passed     98.59%
 198  EU482476.1|Viet_Nam|south|NA|Dengue_1|2003-06-15|2003.45205479452                                                       0.00%    passed     98.58%
 199  EU482502.1|Viet_Nam|south|NA|Dengue_1|2007-06-15|2007.45205479452                                                       0.00%    passed     99.58%
 200  DQ836632.1|China|NingBo_Disease_Prevention_and_Control_Center|Zhejiang_Province|Dengue_1|2004-10-15|2004.78630136986    0.00%    passed     99.61%
****  TOTAL                                                                                                                   0.27%  0 sequences failed composition chi2 test (p-value<5%; df=3)
NOTE: OQ426730.1|Viet_Nam|Nha_Trang|NA|Dengue_1|2018-11-09|2018.85479452055 is identical to OQ426729.1|Viet_Nam|Nha_Trang|NA|Dengue_1|2018-11-07|2018.84931506849 but kept for subsequent analysis
NOTE: OQ426682.1|Viet_Nam|Nha_Trang|NA|Dengue_1|2018-09-25|2018.73150684932 is identical to OQ426739.1|Viet_Nam|Nha_Trang|NA|Dengue_1|2018-11-30|2018.91232876712 but kept for subsequent analysis
NOTE: KR051914.1|Myanmar|NA|NA|Dengue_1|2013-06-15|2013.45205479452 is identical to MG894777.1|Taiwan|NA|NA|Dengue_1|2013-08-31|2013.66301369863 but kept for subsequent analysis
NOTE: FJ882567.1|Viet_Nam|South|NA|Dengue_1|2003-06-15|2003.45205479452 is identical to GQ199836.1|Viet_Nam|South|NA|Dengue_1|2005-06-15|2005.45205479452 but kept for subsequent analysis
NOTE: EU660401.1|Viet_Nam|South|NA|Dengue_1|2006-06-15|2006.45205479452 is identical to FJ182018.1|Viet_Nam|South|NA|Dengue_1|2006-06-15|2006.45205479452 but kept for subsequent analysis
NOTE: EU482502.1|Viet_Nam|south|NA|Dengue_1|2007-06-15|2007.45205479452 is identical to FJ182019.1|Viet_Nam|South|NA|Dengue_1|2007-06-15|2007.45205479452 but kept for subsequent analysis
Checking for duplicate sequences: done in 0.000581026 secs using 71.77% CPU
Identifying sites to remove: done in 0.00190187 secs using 87.02% CPU
NOTE: 5 identical sequences (see below) will be ignored for subsequent analysis
NOTE: OQ426600.1|Viet_Nam|Nha_Trang|NA|Dengue_1|2019-01-08|2019.01917808219 (identical to OQ426729.1|Viet_Nam|Nha_Trang|NA|Dengue_1|2018-11-07|2018.84931506849) is ignored but added at the end
NOTE: OQ426620.1|Viet_Nam|Nha_Trang|NA|Dengue_1|2018-12-19|2018.96438356164 (identical to OQ426729.1|Viet_Nam|Nha_Trang|NA|Dengue_1|2018-11-07|2018.84931506849) is ignored but added at the end
NOTE: OQ426626.1|Viet_Nam|Nha_Trang|NA|Dengue_1|2019-01-10|2019.02465753425 (identical to OQ426729.1|Viet_Nam|Nha_Trang|NA|Dengue_1|2018-11-07|2018.84931506849) is ignored but added at the end
NOTE: OQ426637.1|Viet_Nam|Nha_Trang|NA|Dengue_1|2019-02-28|2019.15890410959 (identical to OQ426729.1|Viet_Nam|Nha_Trang|NA|Dengue_1|2018-11-07|2018.84931506849) is ignored but added at the end
NOTE: EU482476.1|Viet_Nam|south|NA|Dengue_1|2003-06-15|2003.45205479452 (identical to GQ199836.1|Viet_Nam|South|NA|Dengue_1|2005-06-15|2005.45205479452) is ignored but added at the end
Alignment was printed to results/subsampled_Dengue_1_ml_tree/subsampled_Dengue_1_cleaned.uniqueseq.phy

For your convenience alignment with unique sequences printed to results/subsampled_Dengue_1_ml_tree/subsampled_Dengue_1_cleaned.uniqueseq.phy

Create initial parsimony tree by phylogenetic likelihood library (PLL)... 0.014 seconds

NOTE: 3 MB RAM (0 GB) is required!
Estimate model parameters (epsilon = 0.100)
1. Initial log-likelihood: -13068.159
2. Current log-likelihood: -11979.414
3. Current log-likelihood: -11962.922
4. Current log-likelihood: -11957.789
5. Current log-likelihood: -11954.656
6. Current log-likelihood: -11951.956
7. Current log-likelihood: -11949.319
8. Current log-likelihood: -11946.643
9. Current log-likelihood: -11943.903
10. Current log-likelihood: -11941.087
11. Current log-likelihood: -11938.190
12. Current log-likelihood: -11935.205
13. Current log-likelihood: -11932.128
14. Current log-likelihood: -11928.953
15. Current log-likelihood: -11925.674
16. Current log-likelihood: -11922.284
17. Current log-likelihood: -11918.777
18. Current log-likelihood: -11915.143
19. Current log-likelihood: -11911.376
20. Current log-likelihood: -11907.466
21. Current log-likelihood: -11903.402
22. Current log-likelihood: -11899.174
23. Current log-likelihood: -11894.770
24. Current log-likelihood: -11890.177
25. Current log-likelihood: -11885.381
26. Current log-likelihood: -11880.367
27. Current log-likelihood: -11875.120
28. Current log-likelihood: -11869.624
29. Current log-likelihood: -11863.861
30. Current log-likelihood: -11857.819
31. Current log-likelihood: -11851.486
32. Current log-likelihood: -11844.855
33. Current log-likelihood: -11837.933
34. Current log-likelihood: -11830.746
35. Current log-likelihood: -11823.351
36. Current log-likelihood: -11784.933
Optimal log-likelihood: -11784.888
Rate parameters:  A-C: 1.00000  A-G: 15.80169  A-T: 1.00000  C-G: 1.00000  C-T: 15.80169  G-T: 1.00000
Base frequencies:  A: 0.328  C: 0.202  G: 0.259  T: 0.211
Proportion of invariable sites: 0.596
Parameters optimization took 36 rounds (1.193 sec)
Wrote distance file to... 
Computing ML distances based on estimated model parameters...
Calculating distance matrix: done in 0.040719 secs using 98.26% CPU
Computing ML distances took 0.041173 sec (of wall-clock time) 0.040321 sec (of CPU time)
Setting up auxiliary I and S matrices: done in 0.000619173 secs using 146% CPU
Constructing RapidNJ tree: done in 0.00125289 secs using 112.4% CPU
Computing RapidNJ tree took 0.001919 sec (of wall-clock time) 0.002355 sec (of CPU time)
Log-likelihood of RapidNJ tree: -11838.971
--------------------------------------------------------------------
|             INITIALIZING CANDIDATE TREE SET                      |
--------------------------------------------------------------------
Generating 98 parsimony trees... 1.379 second
Computing log-likelihood of 98 initial trees ... 0.936 seconds
Current best score: -11776.698

Do NNI search on 20 best initial trees
Optimizing NNI: done in 0.0885282 secs using 99.93% CPU
Estimate model parameters (epsilon = 0.100)
BETTER TREE FOUND at iteration 1: -11775.536
Optimizing NNI: done in 0.0962799 secs using 99.98% CPU
Optimizing NNI: done in 0.099982 secs using 99.98% CPU
Optimizing NNI: done in 0.0964661 secs using 99.67% CPU
Optimizing NNI: done in 0.09409 secs using 99.87% CPU
Optimizing NNI: done in 0.097672 secs using 99.96% CPU
Optimizing NNI: done in 0.0949271 secs using 99.7% CPU
Optimizing NNI: done in 0.0909839 secs using 99.39% CPU
Optimizing NNI: done in 0.0974491 secs using 92.68% CPU
Optimizing NNI: done in 0.124493 secs using 93.92% CPU
Iteration 10 / LogL: -11775.833 / Time: 0h:0m:4s
Optimizing NNI: done in 0.0925 secs using 99.71% CPU
Optimizing NNI: done in 0.0989211 secs using 99.98% CPU
Optimizing NNI: done in 0.0999289 secs using 99.99% CPU
Optimizing NNI: done in 0.10264 secs using 99.98% CPU
Optimizing NNI: done in 0.0956759 secs using 99.98% CPU
Optimizing NNI: done in 0.107379 secs using 99.69% CPU
Optimizing NNI: done in 0.0901141 secs using 98.64% CPU
Optimizing NNI: done in 0.107375 secs using 99.1% CPU
Optimizing NNI: done in 0.0856061 secs using 99.31% CPU
BETTER TREE FOUND at iteration 19: -11775.535
Optimizing NNI: done in 0.108743 secs using 98.81% CPU
Iteration 20 / LogL: -11777.215 / Time: 0h:0m:5s
Finish initializing candidate tree set (20)
Current best tree score: -11775.535 / CPU time: 4.363
Number of iterations: 20
--------------------------------------------------------------------
|               OPTIMIZING CANDIDATE TREE SET                      |
--------------------------------------------------------------------
Optimizing NNI: done in 0.214556 secs using 99.76% CPU
Optimizing NNI: done in 0.177984 secs using 99.3% CPU
Optimizing NNI: done in 0.193629 secs using 99.78% CPU
Optimizing NNI: done in 0.195704 secs using 99.49% CPU
Optimizing NNI: done in 0.208332 secs using 99.87% CPU
Optimizing NNI: done in 0.19778 secs using 99.79% CPU
Optimizing NNI: done in 0.176812 secs using 99.99% CPU
Optimizing NNI: done in 0.186174 secs using 99.99% CPU
Optimizing NNI: done in 0.225017 secs using 99.46% CPU
Optimizing NNI: done in 0.194073 secs using 99.39% CPU
Iteration 30 / LogL: -11775.581 / Time: 0h:0m:7s (0h:0m:23s left)
Optimizing NNI: done in 0.174609 secs using 99.44% CPU
Optimizing NNI: done in 0.214313 secs using 99.89% CPU
Optimizing NNI: done in 0.209667 secs using 99.69% CPU
Optimizing NNI: done in 0.225647 secs using 99.72% CPU
Optimizing NNI: done in 0.220815 secs using 99.8% CPU
Optimizing NNI: done in 0.186068 secs using 99.98% CPU
Optimizing NNI: done in 0.21923 secs using 99.77% CPU
Optimizing NNI: done in 0.220966 secs using 98.32% CPU
Optimizing NNI: done in 0.241594 secs using 99.11% CPU
Optimizing NNI: done in 0.189341 secs using 99.07% CPU
Iteration 40 / LogL: -11792.921 / Time: 0h:0m:9s (0h:0m:20s left)
Optimizing NNI: done in 0.182517 secs using 99.28% CPU
Optimizing NNI: done in 0.21263 secs using 99.11% CPU
Optimizing NNI: done in 0.182331 secs using 99.2% CPU
Optimizing NNI: done in 0.250021 secs using 99.98% CPU
Optimizing NNI: done in 0.210051 secs using 99.97% CPU
Optimizing NNI: done in 0.182097 secs using 99.65% CPU
Optimizing NNI: done in 0.18739 secs using 99.98% CPU
Optimizing NNI: done in 0.222704 secs using 99.97% CPU
Optimizing NNI: done in 0.194514 secs using 99.9% CPU
Optimizing NNI: done in 0.200977 secs using 98.09% CPU
Iteration 50 / LogL: -11775.570 / Time: 0h:0m:11s (0h:0m:16s left)
Optimizing NNI: done in 0.182206 secs using 97.04% CPU
Optimizing NNI: done in 0.233511 secs using 99.26% CPU
Optimizing NNI: done in 0.194381 secs using 97.98% CPU
Optimizing NNI: done in 0.194763 secs using 98.3% CPU
Optimizing NNI: done in 0.202058 secs using 99.98% CPU
Optimizing NNI: done in 0.201448 secs using 99.98% CPU
Optimizing NNI: done in 0.201444 secs using 99.97% CPU
Optimizing NNI: done in 0.165039 secs using 97.62% CPU
Optimizing NNI: done in 0.189669 secs using 99.91% CPU
Optimizing NNI: done in 0.181494 secs using 97.38% CPU
Iteration 60 / LogL: -11775.854 / Time: 0h:0m:13s (0h:0m:13s left)
Optimizing NNI: done in 0.18789 secs using 98.26% CPU
Optimizing NNI: done in 0.195039 secs using 99.66% CPU
Optimizing NNI: done in 0.193374 secs using 98.14% CPU
Optimizing NNI: done in 0.195665 secs using 98.77% CPU
Optimizing NNI: done in 0.205908 secs using 99.06% CPU
Optimizing NNI: done in 0.213691 secs using 98.27% CPU
Optimizing NNI: done in 0.190968 secs using 99.41% CPU
Optimizing NNI: done in 0.200144 secs using 99.73% CPU
Optimizing NNI: done in 0.212407 secs using 99.98% CPU
Optimizing NNI: done in 0.196351 secs using 99.98% CPU
Iteration 70 / LogL: -11793.940 / Time: 0h:0m:16s (0h:0m:11s left)
Optimizing NNI: done in 0.18892 secs using 99.97% CPU
Optimizing NNI: done in 0.232345 secs using 99.99% CPU
Optimizing NNI: done in 0.179341 secs using 99.87% CPU
Optimizing NNI: done in 0.215744 secs using 99.98% CPU
Optimizing NNI: done in 0.178978 secs using 99.98% CPU
Optimizing NNI: done in 0.188378 secs using 99.98% CPU
Optimizing NNI: done in 0.193894 secs using 99.99% CPU
Optimizing NNI: done in 0.185495 secs using 99.03% CPU
Optimizing NNI: done in 0.165235 secs using 98.17% CPU
Optimizing NNI: done in 0.235582 secs using 99.91% CPU
Iteration 80 / LogL: -11775.867 / Time: 0h:0m:18s (0h:0m:8s left)
Optimizing NNI: done in 0.182823 secs using 99.94% CPU
Optimizing NNI: done in 0.187645 secs using 99.96% CPU
Optimizing NNI: done in 0.225321 secs using 99.69% CPU
Optimizing NNI: done in 0.168193 secs using 99.96% CPU
Optimizing NNI: done in 0.192712 secs using 99.97% CPU
Optimizing NNI: done in 0.195048 secs using 99.95% CPU
Optimizing NNI: done in 0.185276 secs using 98.94% CPU
Optimizing NNI: done in 0.202972 secs using 99.39% CPU
Optimizing NNI: done in 0.177407 secs using 99.95% CPU
Optimizing NNI: done in 0.197017 secs using 99.71% CPU
Iteration 90 / LogL: -11775.865 / Time: 0h:0m:20s (0h:0m:6s left)
Optimizing NNI: done in 0.209882 secs using 99.96% CPU
Optimizing NNI: done in 0.21456 secs using 99.97% CPU
Optimizing NNI: done in 0.180906 secs using 97.1% CPU
Optimizing NNI: done in 0.211083 secs using 98.27% CPU
Optimizing NNI: done in 0.203228 secs using 99.82% CPU
Optimizing NNI: done in 0.176156 secs using 98.6% CPU
Optimizing NNI: done in 0.181007 secs using 99.88% CPU
Optimizing NNI: done in 0.188962 secs using 99.97% CPU
Optimizing NNI: done in 0.199225 secs using 99.98% CPU
Optimizing NNI: done in 0.159083 secs using 99.98% CPU
Iteration 100 / LogL: -11779.157 / Time: 0h:0m:22s (0h:0m:4s left)
Optimizing NNI: done in 0.20595 secs using 99.83% CPU
Optimizing NNI: done in 0.17518 secs using 99.97% CPU
Optimizing NNI: done in 0.172044 secs using 99.97% CPU
Optimizing NNI: done in 0.218895 secs using 98.95% CPU
Optimizing NNI: done in 0.164534 secs using 99.98% CPU
Optimizing NNI: done in 0.170367 secs using 99.98% CPU
Optimizing NNI: done in 0.196105 secs using 99.96% CPU
Optimizing NNI: done in 0.238952 secs using 99.95% CPU
Optimizing NNI: done in 0.205287 secs using 99.16% CPU
Optimizing NNI: done in 0.217734 secs using 99.98% CPU
Iteration 110 / LogL: -11787.530 / Time: 0h:0m:24s (0h:0m:1s left)
Optimizing NNI: done in 0.176017 secs using 99.98% CPU
Optimizing NNI: done in 0.18887 secs using 98.85% CPU
Optimizing NNI: done in 0.206286 secs using 91.58% CPU
Optimizing NNI: done in 0.225377 secs using 98.48% CPU
Optimizing NNI: done in 0.182442 secs using 98.95% CPU
Optimizing NNI: done in 0.20892 secs using 99.39% CPU
Optimizing NNI: done in 0.236026 secs using 99.2% CPU
Optimizing NNI: done in 0.20098 secs using 98.77% CPU
Optimizing NNI: done in 0.172418 secs using 99.27% CPU
Optimizing NNI: done in 0.188323 secs using 98.62% CPU
Iteration 120 / LogL: -11782.953 / Time: 0h:0m:26s (0h:0m:-1s left)
TREE SEARCH COMPLETED AFTER 120 ITERATIONS / Time: 0h:0m:26s

--------------------------------------------------------------------
|                    FINALIZING TREE SEARCH                        |
--------------------------------------------------------------------
Performs final model parameters optimization
Estimate model parameters (epsilon = 0.010)
1. Initial log-likelihood: -11775.535
Optimal log-likelihood: -11775.534
Rate parameters:  A-C: 1.00000  A-G: 15.93979  A-T: 1.00000  C-G: 1.00000  C-T: 15.93979  G-T: 1.00000
Base frequencies:  A: 0.328  C: 0.202  G: 0.259  T: 0.211
Proportion of invariable sites: 0.597
Parameters optimization took 1 rounds (0.026 sec)
BEST SCORE FOUND : -11775.534
Total tree length: 1.139

Total number of iterations: 120
CPU time used for tree search: 24.482 sec (0h:0m:24s)
Wall-clock time used for tree search: 24.695 sec (0h:0m:24s)
Total CPU time used: 25.840 sec (0h:0m:25s)
Total wall-clock time used: 26.088 sec (0h:0m:26s)

Analysis results written to: 
  IQ-TREE report:                results/subsampled_Dengue_1_ml_tree/subsampled_Dengue_1_cleaned.iqtree
  Maximum-likelihood tree:       results/subsampled_Dengue_1_ml_tree/subsampled_Dengue_1_cleaned.treefile
  Likelihood distances:          results/subsampled_Dengue_1_ml_tree/subsampled_Dengue_1_cleaned.mldist
  Screen log file:               results/subsampled_Dengue_1_ml_tree/subsampled_Dengue_1_cleaned.log

Date and Time: Mon Jun  3 13:53:14 2024
