IQ-TREE multicore version 2.2.6 COVID-edition for Mac OS X 64-bit built Dec  8 2023
Developed by Bui Quang Minh, James Barbetti, Nguyen Lam Tung,
Olga Chernomor, Heiko Schmidt, Dominik Schrempf, Michael Woodhams, Ly Trong Nhan.

Host:    BIO-M-LT-03039.local (SSE4.2, 8 GB RAM)
Command: iqtree2 -s results/subsampled_Dengue_4_cleaned.fasta -m GTR+F+I -redo
Seed:    771382 (Using SPRNG - Scalable Parallel Random Number Generator)
Time:    Tue Mar  5 12:07:49 2024
Kernel:  SSE2 - 1 threads (8 CPU cores detected)

HINT: Use -nt option to specify number of threads because your CPU has 8 cores!
HINT: -nt AUTO will automatically determine the best number of threads to use.

Reading alignment file results/subsampled_Dengue_4_cleaned.fasta ... Fasta format detected
Reading fasta file: done in 0.00267005 secs using 92.25% CPU
Alignment most likely contains DNA/RNA sequences
Constructing alignment: done in 0.0017221 secs using 71.13% CPU
Alignment has 110 sequences with 1485 columns, 532 distinct patterns
391 parsimony-informative, 106 singleton sites, 988 constant sites
                                                                                  Gap/Ambiguity  Composition  p-value
Analyzing sequences: done in 6.98566e-05 secs using 97.34% CPU
   1  OR771168.1|USA|FL|NA|Dengue_4|2023-09-01|2023.66575342466                           0.00%    passed     98.83%
   2  OR389040.1|Cambodia|NA|NA|Dengue_4|2011-06-15|2011.45205479452                      0.00%    passed     99.42%
   3  OQ821630.1|Bolivia|NA|NA|Dengue_4|2014-03-13|2014.19452054795                       0.07%    passed     99.39%
   4  OQ821626.1|Cuba|NA|NA|Dengue_4|2013-12-06|2013.92876712329                          0.00%    passed     99.72%
   5  OR654276.1|USA|FL|NA|Dengue_4|2023-05-31|2023.41095890411                           0.00%    passed     97.01%
   6  OQ821627.1|Cuba|NA|NA|Dengue_4|2014-08-06|2014.59452054795                          0.07%    passed     97.43%
   7  OQ821633.1|Haiti|NA|NA|Dengue_4|2013-09-06|2013.67945205479                         0.00%    passed     99.24%
   8  OQ821625.1|Cuba|NA|NA|Dengue_4|2016-02-05|2016.09589041096                          0.13%    passed     99.83%
   9  OQ821636.1|Cuba|NA|NA|Dengue_4|2022-11-15|2022.87123287671                          0.07%    passed     97.86%
  10  OQ821624.1|Paraguay|NA|NA|Dengue_4|2020-03-19|2020.21095890411                      0.07%    passed     99.85%
  11  OQ821645.1|Nicaragua|NA|NA|Dengue_4|2022-09-10|2022.6904109589                      0.00%    passed     97.06%
  12  OQ821646.1|El_Salvador|NA|NA|Dengue_4|2022-08-24|2022.64383561644                   0.00%    passed    100.00%
  13  OQ821650.1|Dominica|NA|NA|Dengue_4|2013-08-21|2013.63561643836                      9.49%    passed     99.91%
  14  OQ821638.1|Cuba|NA|NA|Dengue_4|2022-07-21|2022.55068493151                          0.00%    passed     97.25%
  15  OQ579521.1|Philippines|NA|NA|Dengue_4|2016-07-15|2016.53424657534                   6.06%    passed     95.96%
  16  OQ579507.1|Philippines|NA|NA|Dengue_4|2016-03-15|2016.2                             6.06%    passed     92.05%
  17  OQ821649.1|Jamaica|NA|NA|Dengue_4|2016-03-21|2016.21643835616                       0.07%    passed     93.50%
  18  OQ521652.1|Viet_Nam|NA|NA|Dengue_4|2022-06-15|2022.45205479452                      0.00%    passed     99.79%
  19  OQ521659.1|Viet_Nam|NA|NA|Dengue_4|2022-05-15|2022.36712328767                      0.00%    passed     99.73%
  20  OQ567859.1|Paraguay|Lambare|NA|Dengue_4|2020-01-07|2020.01643835616                 0.00%    passed     99.90%
  21  OQ567870.1|Paraguay|Itagua|NA|Dengue_4|2020-01-17|2020.04383561644                  0.00%    passed     99.77%
  22  OQ567872.1|Paraguay|Pilar|NA|Dengue_4|2021-02-22|2021.14246575342                   0.00%    passed     99.96%
  23  OQ427040.1|Viet_Nam|Nha_Trang|NA|Dengue_4|2019-01-04|2019.00821917808               0.00%    passed     99.28%
  24  OQ427050.1|Viet_Nam|Nha_Trang|NA|Dengue_4|2019-01-21|2019.05479452055               0.00%    passed     96.27%
  25  OP941689.1|Indonesia|Bengkulu|NA|Dengue_4|2021-03-14|2021.19726027397               2.29%    passed     95.65%
  26  OP952227.1|Australia|NA|NA|Dengue_4|2016-10-12|2016.77808219178                     0.00%    passed     99.90%
  27  OP411000.1|Singapore|NA|NA|Dengue_4|2017-10-15|2017.78630136986                     0.00%    passed     82.29%
  28  OP503428.1|Viet_Nam|NA|NA|Dengue_4|2012-12-31|2012.99726027397                      0.00%    passed     97.02%
  29  OP600498.1|Malaysia|NA|NA|Dengue_4|2021-11-15|2021.87123287671                      0.00%    passed     93.98%
  30  OP600511.1|Malaysia|NA|NA|Dengue_4|2022-07-15|2022.53424657534                      0.00%    passed     97.86%
  31  OP600506.1|Malaysia|NA|NA|Dengue_4|2020-07-15|2020.53424657534                      0.00%    passed     86.34%
  32  OP600507.1|Malaysia|NA|NA|Dengue_4|2020-10-15|2020.78630136986                      0.00%    passed     89.19%
  33  ON799402.1|India|NA|NA|Dengue_4|2020-06-15|2020.45205479452                         0.13%    passed     82.78%
  34  ON891118.1|Myanmar|NA|NA|Dengue_4|2019-01-21|2019.05479452055                       0.00%    passed     99.51%
  35  ON908239.1|Malaysia|NA|NA|Dengue_4|2021-01-08|2021.01917808219                      0.00%    passed     96.13%
  36  ON891131.1|Malaysia|NA|NA|Dengue_4|2021-01-08|2021.01917808219                      0.00%    passed     97.22%
  37  MZ976860.1|Cambodia|NA|NA|Dengue_4|2020-08-03|2020.58630136986                      5.59%    passed     90.83%
  38  OM417342.1|Mexico|Chiapas|NA|Dengue_4|2021-10-14|2021.78356164384                   0.00%    passed     99.60%
  39  MZ310555.1|India|NA|NA|Dengue_4|2018-04-02|2018.24931506849                         0.00%    passed     82.12%
  40  MW648236.1|Indonesia|Malinau|NA|Dengue_4|2018-09-12|2018.69589041096                0.00%    passed     94.10%
  41  MW788993.1|Myanmar|Yangon|NA|Dengue_4|2017-06-15|2017.45205479452                   0.00%    passed     99.10%
  42  MW881530.1|China|Guangzhou|NA|Dengue_4|2021-01-08|2021.01917808219                  0.00%    passed     97.22%
  43  MW789007.1|Myanmar|Yangon|NA|Dengue_4|2018-10-15|2018.78630136986                   0.00%    passed     99.87%
  44  MW945490.1|Thailand|NA|NA|Dengue_4|2013-06-15|2013.45205479452                      0.00%    passed     97.63%
  45  MW422796.1|India|ANDHRA_PRADESH|KALIKIRI|Dengue_4|2017-05-30|2017.40821917808       0.00%    passed     99.51%
  46  MW422849.1|India|ANDHRA_PRADESH|illupuru|Dengue_4|2017-10-16|2017.78904109589       1.21%    passed     99.74%
  47  MW369433.1|Myanmar|NA|NA|Dengue_4|2018-07-15|2018.53424657534                       0.13%    passed     99.87%
  48  MW362806.1|Indonesia|Manado|NA|Dengue_4|2019-03-23|2019.22191780822                 0.00%    passed     86.34%
  49  MN955687.1|Thailand|NA|NA|Dengue_4|2018-05-15|2018.36712328767                      0.00%    passed     92.20%
  50  MN955689.1|Thailand|NA|NA|Dengue_4|2018-05-15|2018.36712328767                      0.00%    passed     94.31%
  51  MT524513.1|Thailand|NA|NA|Dengue_4|2016-10-15|2016.78630136986                      0.00%    passed     97.73%
  52  MT076957.1|Kenya|Kisumu|NA|Dengue_4|2016-02-15|2016.12328767123                    21.28%    passed     41.78%
  53  MT122206.1|Indonesia|Kupang|NA|Dengue_4|2016-05-15|2016.36712328767                 0.00%    passed     95.58%
  54  MT122853.1|Laos|imported_from_Thailand|NA|Dengue_4|2014-02-05|2014.09589041096      0.00%    passed     97.19%
  55  MT040681.1|Paraguay|Hernandarias|NA|Dengue_4|2018-05-22|2018.38630136986            0.00%    passed     99.90%
  56  MN628258.1|Laos|NA|NA|Dengue_4|2013-06-15|2013.45205479452                          0.00%    passed     92.04%
  57  MN448998.1|Thailand|NA|NA|Dengue_4|2012-07-04|2012.50410958904                      0.00%    passed     97.52%
  58  MN449005.1|Thailand|NA|NA|Dengue_4|2012-07-10|2012.52054794521                      0.07%    passed     99.20%
  59  MN083242.1|Sri_Lanka|NA|NA|Dengue_4|2017-06-15|2017.45205479452                     1.62%    passed     99.75%
  60  MN244934.1|India|Dharapuram|NA|Dengue_4|2017-10-10|2017.77260273973                 0.00%    passed     38.11%
  61  MN083243.1|Sri_Lanka|NA|NA|Dengue_4|2017-09-15|2017.70410958904                     0.00%    passed     99.88%
  62  MK614088.1|China|Guangzhou|NA|Dengue_4|2019-01-21|2019.05479452055                  0.00%    passed     99.51%
  63  MK040398.1|Puerto_Rico|NA|NA|Dengue_4|2014-06-15|2014.45205479452                   0.00%    passed     97.52%
  64  MK040399.1|Puerto_Rico|NA|NA|Dengue_4|2014-06-15|2014.45205479452                   0.00%    passed     96.72%
  65  MK238012.1|Viet_Nam|Dak_Lak|NA|Dengue_4|2016-08-17|2016.62465753425                 0.00%    passed     99.24%
  66  MH893693.1|Myanmar|NA|NA|Dengue_4|2015-08-15|2015.61917808219                       0.00%    passed     98.16%
  67  MH893695.1|Myanmar|NA|NA|Dengue_4|2016-08-15|2016.61917808219                       0.00%    passed     99.80%
  68  MH893698.1|China|NA|NA|Dengue_4|2016-09-15|2016.70410958904                         0.00%    passed     99.76%
  69  MG895367.1|Taiwan|NA|NA|Dengue_4|2015-09-05|2015.67671232877                        0.00%    passed     98.93%
  70  MG895395.1|Taiwan|NA|NA|Dengue_4|2016-12-06|2016.92876712329                        0.00%    passed     99.80%
  71  MG895315.1|Taiwan|NA|NA|Dengue_4|2012-06-09|2012.43561643836                        0.00%    passed     98.39%
  72  MG895304.1|Taiwan|NA|NA|Dengue_4|2011-08-15|2011.61917808219                        0.00%    passed     96.38%
  73  MG840527.1|China|NA|NA|Dengue_4|2016-06-15|2016.45205479452                         0.07%    passed     75.84%
  74  MF598869.1|China|Yunnan|NA|Dengue_4|2016-09-10|2016.6904109589                      0.07%    passed     99.18%
  75  LC410202.1|Thailand|NA|NA|Dengue_4|2017-06-15|2017.45205479452                      0.00%    passed     93.16%
  76  MF598871.1|China|Yunnan|NA|Dengue_4|2016-09-15|2016.70410958904                     0.07%    passed     99.73%
  77  KY851676.1|Malaysia|NA|NA|Dengue_4|2011-06-15|2011.45205479452                      0.00%    passed     94.28%
  78  LC410203.1|Thailand|NA|NA|Dengue_4|2017-06-15|2017.45205479452                      0.00%    passed     93.16%
  79  KY882550.1|Brazil|NA|NA|Dengue_4|2012-06-15|2012.45205479452                        3.64%    passed     93.53%
  80  KY887635.1|Colombia|Santander|Floridablanca|Dengue_4|2014-09-15|2014.70410958904    0.00%    passed     99.07%
  81  KY851658.1|Colombia|NA|NA|Dengue_4|2013-06-15|2013.45205479452                      0.00%    passed     98.38%
  82  KY474335.1|Ecuador|Machala|NA|Dengue_4|2014-06-15|2014.45205479452                  0.00%    passed     99.67%
  83  KY038921.1|China|Yunnan_Province|NA|Dengue_4|2014-06-15|2014.45205479452            0.00%    passed     97.84%
  84  KY427078.1|Micronesia|Chuuk_Island|NA|Dengue_4|2012-06-15|2012.45205479452          0.00%    passed     97.06%
  85  KY427080.1|Sri_Lanka|NA|NA|Dengue_4|2016-06-15|2016.45205479452                     0.00%    passed     99.58%
  86  KY427083.1|Papua_New_Guinea|NA|NA|Dengue_4|2016-06-15|2016.45205479452              0.00%    passed     91.44%
  87  KU529758.1|Indonesia|NA|NA|Dengue_4|2015-06-15|2015.45205479452                     0.00%    passed     98.69%
  88  KX224309.1|Singapore|NA|NA|Dengue_4|2014-06-15|2014.45205479452                     4.04%    passed     75.49%
  89  KT750000.1|Micronesia|NA|NA|Dengue_4|2012-06-15|2012.45205479452                    0.00%    passed     97.95%
  90  KT749997.1|Philippines|NA|NA|Dengue_4|2011-06-15|2011.45205479452                   0.00%    passed     94.61%
  91  KU523871.1|Philippines|NA|NA|Dengue_4|2014-02-13|2014.11780821918                   0.00%    passed     91.56%
  92  KP703954.1|Brazil|NA|NA|Dengue_4|2013-03-08|2013.18082191781                        0.00%    passed     99.72%
  93  KP703992.1|Brazil|NA|NA|Dengue_4|2013-03-13|2013.19452054795                        0.00%    passed     99.72%
  94  KP704071.1|Brazil|NA|NA|Dengue_4|2013-03-20|2013.21369863014                        0.00%    passed     99.55%
  95  KP140942.1|Haiti|NA|NA|Dengue_4|2014-09-11|2014.69315068493                         0.00%    passed     92.88%
  96  KP292918.1|Viet_Nam|NA|NA|Dengue_4|2013-06-15|2013.45205479452                      0.00%    passed     98.81%
  97  KP292929.1|Viet_Nam|NA|NA|Dengue_4|2013-06-15|2013.45205479452                      0.00%    passed     99.67%
  98  KJ938506.1|India|Kerala|NA|Dengue_4|2012-05-15|2012.36712328767                     0.00%    passed     93.35%
  99  KF809761.1|Puerto_Rico|NA|NA|Dengue_4|2013-06-15|2013.45205479452                   0.00%    passed     97.74%
 100  KJ596672.1|Brazil|Varzea_Grande|MT|Dengue_4|2012-02-03|2012.0904109589              0.00%    passed     99.12%
 101  KF543272.1|Cambodia|NA|NA|Dengue_4|2010-08-11|2010.60821917808                      0.00%    passed     97.56%
 102  JX556938.1|Viet_Nam|Mekong_Delta|NA|Dengue_4|2011-06-15|2011.45205479452            0.00%    passed     99.42%
 103  JX024758.1|Singapore|NA|NA|Dengue_4|2010-12-15|2010.95342465753                     0.00%    passed     95.03%
 104  JN376777.1|Viet_Nam|Mekong_Delta|NA|Dengue_4|2010-06-15|2010.45205479452            0.00%    passed     99.08%
 105  JN019823.1|Singapore|NA|NA|Dengue_4|2010-06-15|2010.45205479452                     0.00%    passed     93.60%
 106  JF967780.1|Peru|NA|NA|Dengue_4|2010-06-15|2010.45205479452                          0.00%    passed     99.63%
 107  JF967786.1|Philippines|NA|NA|Dengue_4|2010-06-15|2010.45205479452                   0.00%    passed     92.75%
 108  AB873105.1|Cambodia|NA|NA|Dengue_4|2013-06-15|2013.45205479452                      0.00%    passed     96.34%
 109  JF967792.1|Myanmar|NA|NA|Dengue_4|2010-06-15|2010.45205479452                       0.00%    passed     93.42%
 110  JN019828.1|Singapore|NA|NA|Dengue_4|2010-06-15|2010.45205479452                     0.34%    passed     94.02%
****  TOTAL                                                                               0.57%  0 sequences failed composition chi2 test (p-value<5%; df=3)
NOTE: MK614088.1|China|Guangzhou|NA|Dengue_4|2019-01-21|2019.05479452055 is identical to ON891118.1|Myanmar|NA|NA|Dengue_4|2019-01-21|2019.05479452055 but kept for subsequent analysis
NOTE: MW881530.1|China|Guangzhou|NA|Dengue_4|2021-01-08|2021.01917808219 is identical to ON891131.1|Malaysia|NA|NA|Dengue_4|2021-01-08|2021.01917808219 but kept for subsequent analysis
NOTE: LC410203.1|Thailand|NA|NA|Dengue_4|2017-06-15|2017.45205479452 is identical to LC410202.1|Thailand|NA|NA|Dengue_4|2017-06-15|2017.45205479452 but kept for subsequent analysis
NOTE: KP703992.1|Brazil|NA|NA|Dengue_4|2013-03-13|2013.19452054795 is identical to KP703954.1|Brazil|NA|NA|Dengue_4|2013-03-08|2013.18082191781 but kept for subsequent analysis
Checking for duplicate sequences: done in 0.000305176 secs using 71.76% CPU

Create initial parsimony tree by phylogenetic likelihood library (PLL)... 0.006 seconds

NOTE: 1 MB RAM (0 GB) is required!
Estimate model parameters (epsilon = 0.100)
1. Initial log-likelihood: -10664.106
2. Current log-likelihood: -9456.566
3. Current log-likelihood: -9432.361
4. Current log-likelihood: -9429.629
5. Current log-likelihood: -9429.145
Optimal log-likelihood: -9429.037
Rate parameters:  A-C: 0.76356  A-G: 14.66444  A-T: 2.09297  C-G: 0.70410  C-T: 36.79062  G-T: 1.00000
Base frequencies:  A: 0.305  C: 0.190  G: 0.273  T: 0.231
Proportion of invariable sites: 0.614
Parameters optimization took 5 rounds (0.409 sec)
Wrote distance file to... 
Computing ML distances based on estimated model parameters...
Calculating distance matrix: done in 0.014847 secs using 97.5% CPU
Computing ML distances took 0.015069 sec (of wall-clock time) 0.014649 sec (of CPU time)
Setting up auxiliary I and S matrices: done in 0.000211 secs using 91% CPU
Constructing RapidNJ tree: done in 0.00047493 secs using 143.4% CPU
Computing RapidNJ tree took 0.000722 sec (of wall-clock time) 0.000919 sec (of CPU time)
Log-likelihood of RapidNJ tree: -9513.165
--------------------------------------------------------------------
|             INITIALIZING CANDIDATE TREE SET                      |
--------------------------------------------------------------------
Generating 98 parsimony trees... 0.625 second
Computing log-likelihood of 98 initial trees ... 0.525 seconds
Current best score: -9428.232

Do NNI search on 20 best initial trees
Optimizing NNI: done in 0.0460351 secs using 97.49% CPU
Estimate model parameters (epsilon = 0.100)
BETTER TREE FOUND at iteration 1: -9427.883
Optimizing NNI: done in 0.0484948 secs using 97.02% CPU
Optimizing NNI: done in 0.0494928 secs using 96.22% CPU
Optimizing NNI: done in 0.0427358 secs using 97.37% CPU
Optimizing NNI: done in 0.0472081 secs using 96.81% CPU
BETTER TREE FOUND at iteration 5: -9427.883
Optimizing NNI: done in 0.048389 secs using 97.47% CPU
Optimizing NNI: done in 0.048336 secs using 97.46% CPU
UPDATE BEST LOG-LIKELIHOOD: -9427.883
Optimizing NNI: done in 0.047848 secs using 98.21% CPU
Optimizing NNI: done in 0.0441499 secs using 95.38% CPU
Optimizing NNI: done in 0.048826 secs using 97.55% CPU
Iteration 10 / LogL: -9427.923 / Time: 0h:0m:2s
Optimizing NNI: done in 0.049129 secs using 97.27% CPU
Optimizing NNI: done in 0.0425289 secs using 94.25% CPU
Optimizing NNI: done in 0.048018 secs using 93.66% CPU
Optimizing NNI: done in 0.045722 secs using 95.05% CPU
Optimizing NNI: done in 0.0435579 secs using 95.8% CPU
Optimizing NNI: done in 0.0415132 secs using 95.55% CPU
Optimizing NNI: done in 0.0466611 secs using 92.47% CPU
Optimizing NNI: done in 0.046195 secs using 94.59% CPU
Optimizing NNI: done in 0.0405059 secs using 95.56% CPU
Optimizing NNI: done in 0.049175 secs using 95.38% CPU
Iteration 20 / LogL: -9427.885 / Time: 0h:0m:2s
Finish initializing candidate tree set (14)
Current best tree score: -9427.883 / CPU time: 2.133
Number of iterations: 20
--------------------------------------------------------------------
|               OPTIMIZING CANDIDATE TREE SET                      |
--------------------------------------------------------------------
Optimizing NNI: done in 0.122478 secs using 94.88% CPU
Estimate model parameters (epsilon = 0.100)
BETTER TREE FOUND at iteration 21: -9427.681
Optimizing NNI: done in 0.107446 secs using 95.79% CPU
Optimizing NNI: done in 0.125674 secs using 95.43% CPU
Optimizing NNI: done in 0.0949321 secs using 95.4% CPU
Optimizing NNI: done in 0.104908 secs using 95.76% CPU
Optimizing NNI: done in 0.089865 secs using 95.34% CPU
Optimizing NNI: done in 0.118122 secs using 95.78% CPU
Optimizing NNI: done in 0.0999551 secs using 95.96% CPU
Optimizing NNI: done in 0.116779 secs using 96.12% CPU
Optimizing NNI: done in 0.1067 secs using 97.39% CPU
Iteration 30 / LogL: -9427.908 / Time: 0h:0m:3s (0h:0m:11s left)
Optimizing NNI: done in 0.10295 secs using 96.69% CPU
Optimizing NNI: done in 0.105876 secs using 96.73% CPU
Optimizing NNI: done in 0.119142 secs using 97.17% CPU
Optimizing NNI: done in 0.113263 secs using 95.94% CPU
Optimizing NNI: done in 0.115756 secs using 97.12% CPU
Optimizing NNI: done in 0.104808 secs using 97.01% CPU
Optimizing NNI: done in 0.138125 secs using 93.7% CPU
Optimizing NNI: done in 0.125106 secs using 94.39% CPU
Optimizing NNI: done in 0.112194 secs using 93.78% CPU
Optimizing NNI: done in 0.107091 secs using 93.72% CPU
Iteration 40 / LogL: -9427.696 / Time: 0h:0m:4s (0h:0m:10s left)
Optimizing NNI: done in 0.121978 secs using 95.79% CPU
Optimizing NNI: done in 0.120881 secs using 95.79% CPU
Optimizing NNI: done in 0.091949 secs using 94.48% CPU
Optimizing NNI: done in 0.110503 secs using 95.65% CPU
Optimizing NNI: done in 0.117809 secs using 95.83% CPU
Optimizing NNI: done in 0.0934179 secs using 97.63% CPU
Optimizing NNI: done in 0.104113 secs using 97.38% CPU
Optimizing NNI: done in 0.110035 secs using 97.6% CPU
Optimizing NNI: done in 0.105273 secs using 97.37% CPU
Optimizing NNI: done in 0.117924 secs using 97.58% CPU
Iteration 50 / LogL: -9427.865 / Time: 0h:0m:6s (0h:0m:8s left)
Optimizing NNI: done in 0.10864 secs using 97.71% CPU
Optimizing NNI: done in 0.0982029 secs using 97.03% CPU
Optimizing NNI: done in 0.0999069 secs using 96.65% CPU
Optimizing NNI: done in 0.130001 secs using 92.54% CPU
Optimizing NNI: done in 0.106188 secs using 96.01% CPU
Optimizing NNI: done in 0.116147 secs using 91.56% CPU
Optimizing NNI: done in 0.120015 secs using 84.33% CPU
Optimizing NNI: done in 0.141293 secs using 68.95% CPU
Optimizing NNI: done in 0.126802 secs using 89.58% CPU
Optimizing NNI: done in 0.111218 secs using 90.92% CPU
Iteration 60 / LogL: -9427.698 / Time: 0h:0m:7s (0h:0m:7s left)
Optimizing NNI: done in 0.143135 secs using 94.89% CPU
Optimizing NNI: done in 0.106904 secs using 93.58% CPU
Optimizing NNI: done in 0.119857 secs using 92.24% CPU
Optimizing NNI: done in 0.15726 secs using 92.32% CPU
Optimizing NNI: done in 0.124732 secs using 90.14% CPU
Optimizing NNI: done in 0.114617 secs using 92.5% CPU
Optimizing NNI: done in 0.135908 secs using 93.35% CPU
Optimizing NNI: done in 0.147202 secs using 94.68% CPU
Optimizing NNI: done in 0.093931 secs using 98.89% CPU
Optimizing NNI: done in 0.083029 secs using 98.15% CPU
Iteration 70 / LogL: -9429.058 / Time: 0h:0m:8s (0h:0m:6s left)
Optimizing NNI: done in 0.140128 secs using 98.44% CPU
Optimizing NNI: done in 0.123992 secs using 97.5% CPU
Optimizing NNI: done in 0.082407 secs using 97.02% CPU
Optimizing NNI: done in 0.116038 secs using 98.1% CPU
Optimizing NNI: done in 0.109655 secs using 97.71% CPU
Optimizing NNI: done in 0.122602 secs using 97.82% CPU
Optimizing NNI: done in 0.111681 secs using 98.07% CPU
Optimizing NNI: done in 0.135388 secs using 95.93% CPU
Optimizing NNI: done in 0.112657 secs using 95.8% CPU
Optimizing NNI: done in 0.0859771 secs using 96.36% CPU
Iteration 80 / LogL: -9427.702 / Time: 0h:0m:9s (0h:0m:5s left)
Optimizing NNI: done in 0.107184 secs using 97.08% CPU
Optimizing NNI: done in 0.110932 secs using 95.53% CPU
Optimizing NNI: done in 0.112782 secs using 93.83% CPU
Optimizing NNI: done in 0.115871 secs using 91.33% CPU
Optimizing NNI: done in 0.125702 secs using 94.64% CPU
Optimizing NNI: done in 0.120047 secs using 92.01% CPU
Optimizing NNI: done in 0.0931442 secs using 94.18% CPU
Optimizing NNI: done in 0.111442 secs using 94.17% CPU
Optimizing NNI: done in 0.113363 secs using 94.16% CPU
Optimizing NNI: done in 0.0991299 secs using 96.95% CPU
Iteration 90 / LogL: -9427.682 / Time: 0h:0m:10s (0h:0m:3s left)
Optimizing NNI: done in 0.116653 secs using 93.64% CPU
Optimizing NNI: done in 0.124877 secs using 94.25% CPU
Optimizing NNI: done in 0.118177 secs using 98.22% CPU
Optimizing NNI: done in 0.089551 secs using 99.9% CPU
Optimizing NNI: done in 0.0910099 secs using 99.88% CPU
Optimizing NNI: done in 0.0949368 secs using 98.48% CPU
Optimizing NNI: done in 0.095922 secs using 98.04% CPU
Optimizing NNI: done in 0.10372 secs using 97.82% CPU
Optimizing NNI: done in 0.111848 secs using 97.99% CPU
Optimizing NNI: done in 0.101981 secs using 97.9% CPU
Iteration 100 / LogL: -9427.694 / Time: 0h:0m:11s (0h:0m:2s left)
Optimizing NNI: done in 0.10805 secs using 96.88% CPU
Optimizing NNI: done in 0.118609 secs using 96.18% CPU
Optimizing NNI: done in 0.115719 secs using 95.88% CPU
Optimizing NNI: done in 0.093828 secs using 96.57% CPU
Optimizing NNI: done in 0.105895 secs using 96.1% CPU
Optimizing NNI: done in 0.123784 secs using 91.73% CPU
Optimizing NNI: done in 0.22989 secs using 60.93% CPU
Optimizing NNI: done in 0.116324 secs using 91.86% CPU
Optimizing NNI: done in 0.165414 secs using 73.28% CPU
Optimizing NNI: done in 0.127968 secs using 93.64% CPU
Iteration 110 / LogL: -9442.314 / Time: 0h:0m:13s (0h:0m:1s left)
Optimizing NNI: done in 0.106785 secs using 96.13% CPU
Optimizing NNI: done in 0.116828 secs using 95.82% CPU
Optimizing NNI: done in 0.103522 secs using 96.04% CPU
Optimizing NNI: done in 0.135474 secs using 96.47% CPU
Optimizing NNI: done in 0.110328 secs using 96.72% CPU
Optimizing NNI: done in 0.111403 secs using 96.17% CPU
Optimizing NNI: done in 0.109345 secs using 96.7% CPU
Optimizing NNI: done in 0.103446 secs using 96.1% CPU
Optimizing NNI: done in 0.103518 secs using 96.12% CPU
Optimizing NNI: done in 0.116726 secs using 93.91% CPU
Iteration 120 / LogL: -9427.745 / Time: 0h:0m:14s (0h:0m:0s left)
Optimizing NNI: done in 0.109912 secs using 95.82% CPU
Optimizing NNI: done in 0.148071 secs using 93.48% CPU
TREE SEARCH COMPLETED AFTER 122 ITERATIONS / Time: 0h:0m:14s

--------------------------------------------------------------------
|                    FINALIZING TREE SEARCH                        |
--------------------------------------------------------------------
Performs final model parameters optimization
Estimate model parameters (epsilon = 0.010)
1. Initial log-likelihood: -9427.681
Optimal log-likelihood: -9427.681
Rate parameters:  A-C: 0.76272  A-G: 14.61651  A-T: 2.08803  C-G: 0.70288  C-T: 36.78714  G-T: 1.00000
Base frequencies:  A: 0.305  C: 0.190  G: 0.273  T: 0.231
Proportion of invariable sites: 0.616
Parameters optimization took 1 rounds (0.023 sec)
BEST SCORE FOUND : -9427.681
Total tree length: 0.888

Total number of iterations: 122
CPU time used for tree search: 13.430 sec (0h:0m:13s)
Wall-clock time used for tree search: 14.155 sec (0h:0m:14s)
Total CPU time used: 13.908 sec (0h:0m:13s)
Total wall-clock time used: 14.657 sec (0h:0m:14s)

Analysis results written to: 
  IQ-TREE report:                results/subsampled_Dengue_4_cleaned.fasta.iqtree
  Maximum-likelihood tree:       results/subsampled_Dengue_4_cleaned.fasta.treefile
  Likelihood distances:          results/subsampled_Dengue_4_cleaned.fasta.mldist
  Screen log file:               results/subsampled_Dengue_4_cleaned.fasta.log

Date and Time: Tue Mar  5 12:08:04 2024
